This file contains any messages produced by compilers while
running configure, to aid debugging if configure makes a mistake.

It was created by json-c configure 0.12, which was
generated by GNU Autoconf 2.69.  Invocation command line was

  $ ./configure --prefix=/workspace/wsr30/20240206_1102/marble/rtl819x/users/lib --host=mips-linux --enable-shared

## --------- ##
## Platform. ##
## --------- ##

hostname = Docker_U12-04
uname -m = x86_64
uname -r = 4.15.0-142-generic
uname -s = Linux
uname -v = #146~16.04.1-Ubuntu SMP Tue Apr 13 09:27:15 UTC 2021

/usr/bin/uname -p = unknown
/bin/uname -X     = unknown

/bin/arch              = unknown
/usr/bin/arch -k       = unknown
/usr/convex/getsysinfo = unknown
/usr/bin/hostinfo      = unknown
/bin/machine           = unknown
/usr/bin/oslevel       = unknown
/bin/universe          = unknown

PATH: /workspace/wsr30/20240206_1102/marble/rtl819x/toolchain/msdk-4.4.7-mips-EB-3.10-0.9.33-m32t-131227b/bin
PATH: /usr/local/sbin
PATH: /usr/local/bin
PATH: /usr/sbin
PATH: /usr/bin
PATH: /sbin
PATH: /bin
PATH: /home/n/bin


## ----------- ##
## Core tests. ##
## ----------- ##

configure:2356: checking for a BSD-compatible install
configure:2424: result: /usr/bin/install -c
configure:2435: checking whether build environment is sane
configure:2490: result: yes
configure:2549: checking for mips-linux-strip
configure:2576: result: msdk-linux-strip
configure:2641: checking for a thread-safe mkdir -p
configure:2680: result: /bin/mkdir -p
configure:2687: checking for gawk
configure:2703: found /usr/bin/gawk
configure:2714: result: gawk
configure:2725: checking whether make sets $(MAKE)
configure:2747: result: yes
configure:2776: checking whether make supports nested variables
configure:2793: result: yes
configure:2919: checking whether make sets $(MAKE)
configure:2941: result: yes
configure:2966: result: RDRAND Hardware RNG Hash Seed disabled. Use --enable-rdrand to enable
configure:2987: checking for style of include used by make
configure:3015: result: GNU
configure:3046: checking for mips-linux-gcc
configure:3073: result: msdk-linux-gcc
configure:3342: checking for C compiler version
configure:3351: msdk-linux-gcc --version >&5
mips-linux-xgcc (Realtek MSDK-4.4.7 Build 1459) 4.4.7
Copyright (C) 2010 Free Software Foundation, Inc.
This is free software; see the source for copying conditions.  There is NO
warranty; not even for MERCHANTABILITY or FITNESS FOR A PARTICULAR PURPOSE.

configure:3362: $? = 0
configure:3351: msdk-linux-gcc -v >&5
Using built-in specs.
Target: mips-linux-uclibc
Configured with: SDK Builder release 4.4
Thread model: posix
gcc version 4.4.7 (Realtek MSDK-4.4.7 Build 1459) 
configure:3362: $? = 0
configure:3351: msdk-linux-gcc -V >&5
mips-linux-xgcc: '-V' must come at the start of the command line
configure:3362: $? = 1
configure:3351: msdk-linux-gcc -qversion >&5
mips-linux-xgcc: unrecognized option '-qversion'
mips-linux-xgcc: no input files
configure:3362: $? = 1
configure:3382: checking whether the C compiler works
configure:3404: msdk-linux-gcc -fPIC -DPIC   conftest.c  >&5
configure:3408: $? = 0
configure:3456: result: yes
configure:3459: checking for C compiler default output file name
configure:3461: result: a.out
configure:3467: checking for suffix of executables
configure:3474: msdk-linux-gcc -o conftest -fPIC -DPIC   conftest.c  >&5
configure:3478: $? = 0
configure:3500: result: 
configure:3522: checking whether we are cross compiling
configure:3530: msdk-linux-gcc -o conftest -fPIC -DPIC   conftest.c  >&5
configure:3534: $? = 0
configure:3541: ./conftest
./configure: line 3543: ./conftest: cannot execute binary file
configure:3545: $? = 126
configure:3560: result: yes
configure:3565: checking for suffix of object files
configure:3587: msdk-linux-gcc -c -fPIC -DPIC  conftest.c >&5
configure:3591: $? = 0
configure:3612: result: o
configure:3616: checking whether we are using the GNU C compiler
configure:3635: msdk-linux-gcc -c -fPIC -DPIC  conftest.c >&5
configure:3635: $? = 0
configure:3644: result: yes
configure:3653: checking whether msdk-linux-gcc accepts -g
configure:3673: msdk-linux-gcc -c -g  conftest.c >&5
configure:3673: $? = 0
configure:3714: result: yes
configure:3731: checking for msdk-linux-gcc option to accept ISO C89
configure:3794: msdk-linux-gcc  -c -fPIC -DPIC  conftest.c >&5
configure:3794: $? = 0
configure:3807: result: none needed
configure:3832: checking whether msdk-linux-gcc understands -c and -o together
configure:3854: msdk-linux-gcc -c conftest.c -o conftest2.o
configure:3857: $? = 0
configure:3854: msdk-linux-gcc -c conftest.c -o conftest2.o
configure:3857: $? = 0
configure:3869: result: yes
configure:3888: checking dependency style of msdk-linux-gcc
configure:3999: result: gcc3
configure:4025: checking how to run the C preprocessor
configure:4056: msdk-linux-gcc -E  conftest.c
configure:4056: $? = 0
configure:4070: msdk-linux-gcc -E  conftest.c
conftest.c:11:28: error: ac_nonexistent.h: No such file or directory
configure:4070: $? = 1
configure: failed program was:
| /* confdefs.h */
| #define PACKAGE_NAME "json-c"
| #define PACKAGE_TARNAME "json-c"
| #define PACKAGE_VERSION "0.12"
| #define PACKAGE_STRING "json-c 0.12"
| #define PACKAGE_BUGREPORT "json-c@googlegroups.com"
| #define PACKAGE_URL ""
| #define PACKAGE "json-c"
| #define VERSION "0.12"
| /* end confdefs.h.  */
| #include <ac_nonexistent.h>
configure:4095: result: msdk-linux-gcc -E
configure:4115: msdk-linux-gcc -E  conftest.c
configure:4115: $? = 0
configure:4129: msdk-linux-gcc -E  conftest.c
conftest.c:11:28: error: ac_nonexistent.h: No such file or directory
configure:4129: $? = 1
configure: failed program was:
| /* confdefs.h */
| #define PACKAGE_NAME "json-c"
| #define PACKAGE_TARNAME "json-c"
| #define PACKAGE_VERSION "0.12"
| #define PACKAGE_STRING "json-c 0.12"
| #define PACKAGE_BUGREPORT "json-c@googlegroups.com"
| #define PACKAGE_URL ""
| #define PACKAGE "json-c"
| #define VERSION "0.12"
| /* end confdefs.h.  */
| #include <ac_nonexistent.h>
configure:4158: checking for grep that handles long lines and -e
configure:4216: result: /bin/grep
configure:4221: checking for egrep
configure:4283: result: /bin/grep -E
configure:4288: checking for ANSI C header files
configure:4308: msdk-linux-gcc -c -fPIC -DPIC  conftest.c >&5
configure:4308: $? = 0
configure:4392: result: yes
configure:4405: checking for sys/types.h
configure:4405: msdk-linux-gcc -c -fPIC -DPIC  conftest.c >&5
configure:4405: $? = 0
configure:4405: result: yes
configure:4405: checking for sys/stat.h
configure:4405: msdk-linux-gcc -c -fPIC -DPIC  conftest.c >&5
configure:4405: $? = 0
configure:4405: result: yes
configure:4405: checking for stdlib.h
configure:4405: msdk-linux-gcc -c -fPIC -DPIC  conftest.c >&5
configure:4405: $? = 0
configure:4405: result: yes
configure:4405: checking for string.h
configure:4405: msdk-linux-gcc -c -fPIC -DPIC  conftest.c >&5
configure:4405: $? = 0
configure:4405: result: yes
configure:4405: checking for memory.h
configure:4405: msdk-linux-gcc -c -fPIC -DPIC  conftest.c >&5
configure:4405: $? = 0
configure:4405: result: yes
configure:4405: checking for strings.h
configure:4405: msdk-linux-gcc -c -fPIC -DPIC  conftest.c >&5
configure:4405: $? = 0
configure:4405: result: yes
configure:4405: checking for inttypes.h
configure:4405: msdk-linux-gcc -c -fPIC -DPIC  conftest.c >&5
configure:4405: $? = 0
configure:4405: result: yes
configure:4405: checking for stdint.h
configure:4405: msdk-linux-gcc -c -fPIC -DPIC  conftest.c >&5
configure:4405: $? = 0
configure:4405: result: yes
configure:4405: checking for unistd.h
configure:4405: msdk-linux-gcc -c -fPIC -DPIC  conftest.c >&5
configure:4405: $? = 0
configure:4405: result: yes
configure:4420: checking fcntl.h usability
configure:4420: msdk-linux-gcc -c -fPIC -DPIC  conftest.c >&5
configure:4420: $? = 0
configure:4420: result: yes
configure:4420: checking fcntl.h presence
configure:4420: msdk-linux-gcc -E  conftest.c
configure:4420: $? = 0
configure:4420: result: yes
configure:4420: checking for fcntl.h
configure:4420: result: yes
configure:4420: checking limits.h usability
configure:4420: msdk-linux-gcc -c -fPIC -DPIC  conftest.c >&5
configure:4420: $? = 0
configure:4420: result: yes
configure:4420: checking limits.h presence
configure:4420: msdk-linux-gcc -E  conftest.c
configure:4420: $? = 0
configure:4420: result: yes
configure:4420: checking for limits.h
configure:4420: result: yes
configure:4420: checking for strings.h
configure:4420: result: yes
configure:4420: checking syslog.h usability
configure:4420: msdk-linux-gcc -c -fPIC -DPIC  conftest.c >&5
configure:4420: $? = 0
configure:4420: result: yes
configure:4420: checking syslog.h presence
configure:4420: msdk-linux-gcc -E  conftest.c
configure:4420: $? = 0
configure:4420: result: yes
configure:4420: checking for syslog.h
configure:4420: result: yes
configure:4420: checking for unistd.h
configure:4420: result: yes
configure:4420: checking sys/cdefs.h usability
configure:4420: msdk-linux-gcc -c -fPIC -DPIC  conftest.c >&5
configure:4420: $? = 0
configure:4420: result: yes
configure:4420: checking sys/cdefs.h presence
configure:4420: msdk-linux-gcc -E  conftest.c
configure:4420: $? = 0
configure:4420: result: yes
configure:4420: checking for sys/cdefs.h
configure:4420: result: yes
configure:4420: checking sys/param.h usability
configure:4420: msdk-linux-gcc -c -fPIC -DPIC  conftest.c >&5
configure:4420: $? = 0
configure:4420: result: yes
configure:4420: checking sys/param.h presence
configure:4420: msdk-linux-gcc -E  conftest.c
configure:4420: $? = 0
configure:4420: result: yes
configure:4420: checking for sys/param.h
configure:4420: result: yes
configure:4420: checking stdarg.h usability
configure:4420: msdk-linux-gcc -c -fPIC -DPIC  conftest.c >&5
configure:4420: $? = 0
configure:4420: result: yes
configure:4420: checking stdarg.h presence
configure:4420: msdk-linux-gcc -E  conftest.c
configure:4420: $? = 0
configure:4420: result: yes
configure:4420: checking for stdarg.h
configure:4420: result: yes
configure:4420: checking locale.h usability
configure:4420: msdk-linux-gcc -c -fPIC -DPIC  conftest.c >&5
configure:4420: $? = 0
configure:4420: result: yes
configure:4420: checking locale.h presence
configure:4420: msdk-linux-gcc -E  conftest.c
configure:4420: $? = 0
configure:4420: result: yes
configure:4420: checking for locale.h
configure:4420: result: yes
configure:4420: checking endian.h usability
configure:4420: msdk-linux-gcc -c -fPIC -DPIC  conftest.c >&5
configure:4420: $? = 0
configure:4420: result: yes
configure:4420: checking endian.h presence
configure:4420: msdk-linux-gcc -E  conftest.c
configure:4420: $? = 0
configure:4420: result: yes
configure:4420: checking for endian.h
configure:4420: result: yes
configure:4430: checking for inttypes.h
configure:4430: result: yes
configure:4440: checking for an ANSI C-conforming const
configure:4506: msdk-linux-gcc -c -fPIC -DPIC  conftest.c >&5
configure:4506: $? = 0
configure:4513: result: yes
configure:4521: checking for size_t
configure:4521: msdk-linux-gcc -c -fPIC -DPIC  conftest.c >&5
configure:4521: $? = 0
configure:4521: msdk-linux-gcc -c -fPIC -DPIC  conftest.c >&5
conftest.c: In function 'main':
conftest.c:68: error: expected expression before ')' token
configure:4521: $? = 1
configure: failed program was:
| /* confdefs.h */
| #define PACKAGE_NAME "json-c"
| #define PACKAGE_TARNAME "json-c"
| #define PACKAGE_VERSION "0.12"
| #define PACKAGE_STRING "json-c 0.12"
| #define PACKAGE_BUGREPORT "json-c@googlegroups.com"
| #define PACKAGE_URL ""
| #define PACKAGE "json-c"
| #define VERSION "0.12"
| #define STDC_HEADERS 1
| #define HAVE_SYS_TYPES_H 1
| #define HAVE_SYS_STAT_H 1
| #define HAVE_STDLIB_H 1
| #define HAVE_STRING_H 1
| #define HAVE_MEMORY_H 1
| #define HAVE_STRINGS_H 1
| #define HAVE_INTTYPES_H 1
| #define HAVE_STDINT_H 1
| #define HAVE_UNISTD_H 1
| #define HAVE_FCNTL_H 1
| #define HAVE_LIMITS_H 1
| #define HAVE_STRINGS_H 1
| #define HAVE_SYSLOG_H 1
| #define HAVE_UNISTD_H 1
| #define HAVE_SYS_CDEFS_H 1
| #define HAVE_SYS_PARAM_H 1
| #define HAVE_STDARG_H 1
| #define HAVE_LOCALE_H 1
| #define HAVE_ENDIAN_H 1
| #define JSON_C_HAVE_INTTYPES_H 1
| /* end confdefs.h.  */
| #include <stdio.h>
| #ifdef HAVE_SYS_TYPES_H
| # include <sys/types.h>
| #endif
| #ifdef HAVE_SYS_STAT_H
| # include <sys/stat.h>
| #endif
| #ifdef STDC_HEADERS
| # include <stdlib.h>
| # include <stddef.h>
| #else
| # ifdef HAVE_STDLIB_H
| #  include <stdlib.h>
| # endif
| #endif
| #ifdef HAVE_STRING_H
| # if !defined STDC_HEADERS && defined HAVE_MEMORY_H
| #  include <memory.h>
| # endif
| # include <string.h>
| #endif
| #ifdef HAVE_STRINGS_H
| # include <strings.h>
| #endif
| #ifdef HAVE_INTTYPES_H
| # include <inttypes.h>
| #endif
| #ifdef HAVE_STDINT_H
| # include <stdint.h>
| #endif
| #ifdef HAVE_UNISTD_H
| # include <unistd.h>
| #endif
| int
| main ()
| {
| if (sizeof ((size_t)))
| 	    return 0;
|   ;
|   return 0;
| }
configure:4521: result: yes
configure:4536: checking for vprintf
configure:4536: msdk-linux-gcc -o conftest -fPIC -DPIC   conftest.c  >&5
conftest.c:55: warning: conflicting types for built-in function 'vprintf'
configure:4536: $? = 0
configure:4536: result: yes
configure:4542: checking for _doprnt
configure:4542: msdk-linux-gcc -o conftest -fPIC -DPIC   conftest.c  >&5
/tmp/ccMJzWEl.o: In function `main':
conftest.c:(.text+0x20): undefined reference to `_doprnt'
collect2: ld returned 1 exit status
configure:4542: $? = 1
configure: failed program was:
| /* confdefs.h */
| #define PACKAGE_NAME "json-c"
| #define PACKAGE_TARNAME "json-c"
| #define PACKAGE_VERSION "0.12"
| #define PACKAGE_STRING "json-c 0.12"
| #define PACKAGE_BUGREPORT "json-c@googlegroups.com"
| #define PACKAGE_URL ""
| #define PACKAGE "json-c"
| #define VERSION "0.12"
| #define STDC_HEADERS 1
| #define HAVE_SYS_TYPES_H 1
| #define HAVE_SYS_STAT_H 1
| #define HAVE_STDLIB_H 1
| #define HAVE_STRING_H 1
| #define HAVE_MEMORY_H 1
| #define HAVE_STRINGS_H 1
| #define HAVE_INTTYPES_H 1
| #define HAVE_STDINT_H 1
| #define HAVE_UNISTD_H 1
| #define HAVE_FCNTL_H 1
| #define HAVE_LIMITS_H 1
| #define HAVE_STRINGS_H 1
| #define HAVE_SYSLOG_H 1
| #define HAVE_UNISTD_H 1
| #define HAVE_SYS_CDEFS_H 1
| #define HAVE_SYS_PARAM_H 1
| #define HAVE_STDARG_H 1
| #define HAVE_LOCALE_H 1
| #define HAVE_ENDIAN_H 1
| #define JSON_C_HAVE_INTTYPES_H 1
| #define HAVE_VPRINTF 1
| /* end confdefs.h.  */
| /* Define _doprnt to an innocuous variant, in case <limits.h> declares _doprnt.
|    For example, HP-UX 11i <limits.h> declares gettimeofday.  */
| #define _doprnt innocuous__doprnt
| 
| /* System header to define __stub macros and hopefully few prototypes,
|     which can conflict with char _doprnt (); below.
|     Prefer <limits.h> to <assert.h> if __STDC__ is defined, since
|     <limits.h> exists even on freestanding compilers.  */
| 
| #ifdef __STDC__
| # include <limits.h>
| #else
| # include <assert.h>
| #endif
| 
| #undef _doprnt
| 
| /* Override any GCC internal prototype to avoid an error.
|    Use char because int might match the return type of a GCC
|    builtin and then its argument prototype would still apply.  */
| #ifdef __cplusplus
| extern "C"
| #endif
| char _doprnt ();
| /* The GNU C library defines this for functions which it implements
|     to always fail with ENOSYS.  Some functions are actually named
|     something starting with __ and the normal name is an alias.  */
| #if defined __stub__doprnt || defined __stub____doprnt
| choke me
| #endif
| 
| int
| main ()
| {
| return _doprnt ();
|   ;
|   return 0;
| }
configure:4542: result: no
configure:4553: checking for working memcmp
configure:4606: result: no
configure:4617: checking for stdlib.h
configure:4617: result: yes
configure:4627: checking for GNU libc compatible malloc
configure:4661: result: yes
configure:4684: checking for stdlib.h
configure:4684: result: yes
configure:4694: checking for GNU libc compatible realloc
configure:4728: result: yes
configure:4752: checking for strcasecmp
configure:4752: msdk-linux-gcc -o conftest -fPIC -DPIC   conftest.c  >&5
conftest.c:60: warning: conflicting types for built-in function 'strcasecmp'
configure:4752: $? = 0
configure:4752: result: yes
configure:4752: checking for strdup
configure:4752: msdk-linux-gcc -o conftest -fPIC -DPIC   conftest.c  >&5
conftest.c:61: warning: conflicting types for built-in function 'strdup'
configure:4752: $? = 0
configure:4752: result: yes
configure:4752: checking for strerror
configure:4752: msdk-linux-gcc -o conftest -fPIC -DPIC   conftest.c  >&5
configure:4752: $? = 0
configure:4752: result: yes
configure:4752: checking for snprintf
configure:4752: msdk-linux-gcc -o conftest -fPIC -DPIC   conftest.c  >&5
conftest.c:63: warning: conflicting types for built-in function 'snprintf'
configure:4752: $? = 0
configure:4752: result: yes
configure:4752: checking for vsnprintf
configure:4752: msdk-linux-gcc -o conftest -fPIC -DPIC   conftest.c  >&5
conftest.c:64: warning: conflicting types for built-in function 'vsnprintf'
configure:4752: $? = 0
configure:4752: result: yes
configure:4752: checking for vasprintf
configure:4752: msdk-linux-gcc -o conftest -fPIC -DPIC   conftest.c  >&5
configure:4752: $? = 0
configure:4752: result: yes
configure:4752: checking for open
configure:4752: msdk-linux-gcc -o conftest -fPIC -DPIC   conftest.c  >&5
configure:4752: $? = 0
configure:4752: result: yes
configure:4752: checking for vsyslog
configure:4752: msdk-linux-gcc -o conftest -fPIC -DPIC   conftest.c  >&5
configure:4752: $? = 0
configure:4752: result: yes
configure:4752: checking for strncasecmp
configure:4752: msdk-linux-gcc -o conftest -fPIC -DPIC   conftest.c  >&5
conftest.c:68: warning: conflicting types for built-in function 'strncasecmp'
configure:4752: $? = 0
configure:4752: result: yes
configure:4752: checking for setlocale
configure:4752: msdk-linux-gcc -o conftest -fPIC -DPIC   conftest.c  >&5
configure:4752: $? = 0
configure:4752: result: yes
configure:4761: checking whether INFINITY is declared
configure:4761: msdk-linux-gcc -c -fPIC -DPIC  conftest.c >&5
configure:4761: $? = 0
configure:4761: result: yes
configure:4773: checking whether nan is declared
configure:4773: msdk-linux-gcc -c -fPIC -DPIC  conftest.c >&5
configure:4773: $? = 0
configure:4773: result: yes
configure:4785: checking whether isnan is declared
configure:4785: result: yes
configure:4797: checking whether isinf is declared
configure:4797: result: yes
configure:4809: checking whether _isnan is declared
configure:4809: msdk-linux-gcc -c -fPIC -DPIC  conftest.c >&5
conftest.c: In function 'main':
conftest.c:60: error: '_isnan' undeclared (first use in this function)
conftest.c:60: error: (Each undeclared identifier is reported only once
conftest.c:60: error: for each function it appears in.)
configure:4809: $? = 1
configure: failed program was:
| /* confdefs.h */
| #define PACKAGE_NAME "json-c"
| #define PACKAGE_TARNAME "json-c"
| #define PACKAGE_VERSION "0.12"
| #define PACKAGE_STRING "json-c 0.12"
| #define PACKAGE_BUGREPORT "json-c@googlegroups.com"
| #define PACKAGE_URL ""
| #define PACKAGE "json-c"
| #define VERSION "0.12"
| #define STDC_HEADERS 1
| #define HAVE_SYS_TYPES_H 1
| #define HAVE_SYS_STAT_H 1
| #define HAVE_STDLIB_H 1
| #define HAVE_STRING_H 1
| #define HAVE_MEMORY_H 1
| #define HAVE_STRINGS_H 1
| #define HAVE_INTTYPES_H 1
| #define HAVE_STDINT_H 1
| #define HAVE_UNISTD_H 1
| #define HAVE_FCNTL_H 1
| #define HAVE_LIMITS_H 1
| #define HAVE_STRINGS_H 1
| #define HAVE_SYSLOG_H 1
| #define HAVE_UNISTD_H 1
| #define HAVE_SYS_CDEFS_H 1
| #define HAVE_SYS_PARAM_H 1
| #define HAVE_STDARG_H 1
| #define HAVE_LOCALE_H 1
| #define HAVE_ENDIAN_H 1
| #define JSON_C_HAVE_INTTYPES_H 1
| #define HAVE_VPRINTF 1
| #define HAVE_STDLIB_H 1
| #define HAVE_MALLOC 1
| #define HAVE_STDLIB_H 1
| #define HAVE_REALLOC 1
| #define HAVE_STRCASECMP 1
| #define HAVE_STRDUP 1
| #define HAVE_STRERROR 1
| #define HAVE_SNPRINTF 1
| #define HAVE_VSNPRINTF 1
| #define HAVE_VASPRINTF 1
| #define HAVE_OPEN 1
| #define HAVE_VSYSLOG 1
| #define HAVE_STRNCASECMP 1
| #define HAVE_SETLOCALE 1
| #define HAVE_DECL_INFINITY 1
| #define HAVE_DECL_NAN 1
| #define HAVE_DECL_ISNAN 1
| #define HAVE_DECL_ISINF 1
| /* end confdefs.h.  */
| #include <float.h>
| 
| int
| main ()
| {
| #ifndef _isnan
| #ifdef __cplusplus
|   (void) _isnan;
| #else
|   (void) _isnan;
| #endif
| #endif
| 
|   ;
|   return 0;
| }
configure:4809: result: no
configure:4821: checking whether _finite is declared
configure:4821: msdk-linux-gcc -c -fPIC -DPIC  conftest.c >&5
conftest.c: In function 'main':
conftest.c:61: error: '_finite' undeclared (first use in this function)
conftest.c:61: error: (Each undeclared identifier is reported only once
conftest.c:61: error: for each function it appears in.)
configure:4821: $? = 1
configure: failed program was:
| /* confdefs.h */
| #define PACKAGE_NAME "json-c"
| #define PACKAGE_TARNAME "json-c"
| #define PACKAGE_VERSION "0.12"
| #define PACKAGE_STRING "json-c 0.12"
| #define PACKAGE_BUGREPORT "json-c@googlegroups.com"
| #define PACKAGE_URL ""
| #define PACKAGE "json-c"
| #define VERSION "0.12"
| #define STDC_HEADERS 1
| #define HAVE_SYS_TYPES_H 1
| #define HAVE_SYS_STAT_H 1
| #define HAVE_STDLIB_H 1
| #define HAVE_STRING_H 1
| #define HAVE_MEMORY_H 1
| #define HAVE_STRINGS_H 1
| #define HAVE_INTTYPES_H 1
| #define HAVE_STDINT_H 1
| #define HAVE_UNISTD_H 1
| #define HAVE_FCNTL_H 1
| #define HAVE_LIMITS_H 1
| #define HAVE_STRINGS_H 1
| #define HAVE_SYSLOG_H 1
| #define HAVE_UNISTD_H 1
| #define HAVE_SYS_CDEFS_H 1
| #define HAVE_SYS_PARAM_H 1
| #define HAVE_STDARG_H 1
| #define HAVE_LOCALE_H 1
| #define HAVE_ENDIAN_H 1
| #define JSON_C_HAVE_INTTYPES_H 1
| #define HAVE_VPRINTF 1
| #define HAVE_STDLIB_H 1
| #define HAVE_MALLOC 1
| #define HAVE_STDLIB_H 1
| #define HAVE_REALLOC 1
| #define HAVE_STRCASECMP 1
| #define HAVE_STRDUP 1
| #define HAVE_STRERROR 1
| #define HAVE_SNPRINTF 1
| #define HAVE_VSNPRINTF 1
| #define HAVE_VASPRINTF 1
| #define HAVE_OPEN 1
| #define HAVE_VSYSLOG 1
| #define HAVE_STRNCASECMP 1
| #define HAVE_SETLOCALE 1
| #define HAVE_DECL_INFINITY 1
| #define HAVE_DECL_NAN 1
| #define HAVE_DECL_ISNAN 1
| #define HAVE_DECL_ISINF 1
| #define HAVE_DECL__ISNAN 0
| /* end confdefs.h.  */
| #include <float.h>
| 
| int
| main ()
| {
| #ifndef _finite
| #ifdef __cplusplus
|   (void) _finite;
| #else
|   (void) _finite;
| #endif
| #endif
| 
|   ;
|   return 0;
| }
configure:4821: result: no
configure:4842: checking if .gnu.warning accepts long strings
configure:4853: msdk-linux-gcc -o conftest -fPIC -DPIC   conftest.c  >&5
/tmp/cchpd27V.s: Assembler messages:
/tmp/cchpd27V.s:7: Error: Unrecognized opcode `ascii "Please link against libjson-c instead of libjson"'
configure:4853: $? = 1
configure: failed program was:
| /* confdefs.h */
| #define PACKAGE_NAME "json-c"
| #define PACKAGE_TARNAME "json-c"
| #define PACKAGE_VERSION "0.12"
| #define PACKAGE_STRING "json-c 0.12"
| #define PACKAGE_BUGREPORT "json-c@googlegroups.com"
| #define PACKAGE_URL ""
| #define PACKAGE "json-c"
| #define VERSION "0.12"
| #define STDC_HEADERS 1
| #define HAVE_SYS_TYPES_H 1
| #define HAVE_SYS_STAT_H 1
| #define HAVE_STDLIB_H 1
| #define HAVE_STRING_H 1
| #define HAVE_MEMORY_H 1
| #define HAVE_STRINGS_H 1
| #define HAVE_INTTYPES_H 1
| #define HAVE_STDINT_H 1
| #define HAVE_UNISTD_H 1
| #define HAVE_FCNTL_H 1
| #define HAVE_LIMITS_H 1
| #define HAVE_STRINGS_H 1
| #define HAVE_SYSLOG_H 1
| #define HAVE_UNISTD_H 1
| #define HAVE_SYS_CDEFS_H 1
| #define HAVE_SYS_PARAM_H 1
| #define HAVE_STDARG_H 1
| #define HAVE_LOCALE_H 1
| #define HAVE_ENDIAN_H 1
| #define JSON_C_HAVE_INTTYPES_H 1
| #define HAVE_VPRINTF 1
| #define HAVE_STDLIB_H 1
| #define HAVE_MALLOC 1
| #define HAVE_STDLIB_H 1
| #define HAVE_REALLOC 1
| #define HAVE_STRCASECMP 1
| #define HAVE_STRDUP 1
| #define HAVE_STRERROR 1
| #define HAVE_SNPRINTF 1
| #define HAVE_VSNPRINTF 1
| #define HAVE_VASPRINTF 1
| #define HAVE_OPEN 1
| #define HAVE_VSYSLOG 1
| #define HAVE_STRNCASECMP 1
| #define HAVE_SETLOCALE 1
| #define HAVE_DECL_INFINITY 1
| #define HAVE_DECL_NAN 1
| #define HAVE_DECL_ISNAN 1
| #define HAVE_DECL_ISINF 1
| #define HAVE_DECL__ISNAN 0
| #define HAVE_DECL__FINITE 0
| /* end confdefs.h.  */
| 
| extern void json_object_get();
| __asm__(".section .gnu.json_object_get,\n\t.ascii \"Please link against libjson-c instead of libjson\"\n\t.text");
| 
| int main(int c,char* v) {return 0;}
| 
configure:4863: result: no
configure:4906: checking build system type
configure:4920: result: x86_64-unknown-linux-gnu
configure:4940: checking host system type
configure:4953: result: mips-unknown-linux-gnu
configure:4994: checking how to print strings
configure:5021: result: printf
configure:5042: checking for a sed that does not truncate output
configure:5106: result: /bin/sed
configure:5124: checking for fgrep
configure:5186: result: /bin/grep -F
configure:5221: checking for ld used by msdk-linux-gcc
configure:5288: result: msdk-linux-ld
configure:5295: checking if the linker (msdk-linux-ld) is GNU ld
configure:5310: result: yes
configure:5322: checking for BSD- or MS-compatible name lister (nm)
configure:5371: result: /workspace/wsr30/20240206_1102/marble/rtl819x/toolchain/msdk-4.4.7-mips-EB-3.10-0.9.33-m32t-131227b/bin/mips-linux-nm -B
configure:5501: checking the name lister (/workspace/wsr30/20240206_1102/marble/rtl819x/toolchain/msdk-4.4.7-mips-EB-3.10-0.9.33-m32t-131227b/bin/mips-linux-nm -B) interface
configure:5508: msdk-linux-gcc -c -fPIC -DPIC  conftest.c >&5
configure:5511: /workspace/wsr30/20240206_1102/marble/rtl819x/toolchain/msdk-4.4.7-mips-EB-3.10-0.9.33-m32t-131227b/bin/mips-linux-nm -B "conftest.o"
configure:5514: output
00000000 B some_variable
configure:5521: result: BSD nm
configure:5524: checking whether ln -s works
configure:5528: result: yes
configure:5536: checking the maximum length of command line arguments
configure:5666: result: 3458764513820540925
configure:5683: checking whether the shell understands some XSI constructs
configure:5693: result: yes
configure:5697: checking whether the shell understands "+="
configure:5703: result: yes
configure:5738: checking how to convert x86_64-unknown-linux-gnu file names to mips-unknown-linux-gnu format
configure:5778: result: func_convert_file_noop
configure:5785: checking how to convert x86_64-unknown-linux-gnu file names to toolchain format
configure:5805: result: func_convert_file_noop
configure:5812: checking for msdk-linux-ld option to reload object files
configure:5819: result: -r
configure:5853: checking for mips-linux-objdump
configure:5869: found /workspace/wsr30/20240206_1102/marble/rtl819x/toolchain/msdk-4.4.7-mips-EB-3.10-0.9.33-m32t-131227b/bin/mips-linux-objdump
configure:5880: result: mips-linux-objdump
configure:5952: checking how to recognize dependent libraries
configure:6154: result: pass_all
configure:6199: checking for mips-linux-dlltool
configure:6229: result: no
configure:6239: checking for dlltool
configure:6269: result: no
configure:6299: checking how to associate runtime and link libraries
configure:6326: result: printf %s\n
configure:6342: checking for mips-linux-ar
configure:6369: result: msdk-linux-ar
configure:6450: checking for archiver @FILE support
configure:6467: msdk-linux-gcc -c -fPIC -DPIC  conftest.c >&5
configure:6467: $? = 0
configure:6470: msdk-linux-ar cru libconftest.a @conftest.lst >&5
configure:6473: $? = 0
configure:6478: msdk-linux-ar cru libconftest.a @conftest.lst >&5
msdk-linux-ar: conftest.o: No such file or directory
configure:6481: $? = 1
configure:6493: result: @
configure:6511: checking for mips-linux-strip
configure:6538: result: msdk-linux-strip
configure:6610: checking for mips-linux-ranlib
configure:6637: result: msdk-linux-ranlib
configure:6779: checking command to parse /workspace/wsr30/20240206_1102/marble/rtl819x/toolchain/msdk-4.4.7-mips-EB-3.10-0.9.33-m32t-131227b/bin/mips-linux-nm -B output from msdk-linux-gcc object
configure:6899: msdk-linux-gcc -c -fPIC -DPIC  conftest.c >&5
configure:6902: $? = 0
configure:6906: /workspace/wsr30/20240206_1102/marble/rtl819x/toolchain/msdk-4.4.7-mips-EB-3.10-0.9.33-m32t-131227b/bin/mips-linux-nm -B conftest.o \| sed -n -e 's/^.*[ ]\([ABCDGIRSTW][ABCDGIRSTW]*\)[ ][ ]*\([_A-Za-z][_A-Za-z0-9]*\)$/\1 \2 \2/p' | sed '/ __gnu_lto/d' \> conftest.nm
configure:6909: $? = 0
configure:6975: msdk-linux-gcc -o conftest -fPIC -DPIC   conftest.c conftstm.o >&5
configure:6978: $? = 0
configure:7016: result: ok
configure:7053: checking for sysroot
configure:7083: result: no
configure:7299: checking for mips-linux-mt
configure:7329: result: no
configure:7339: checking for mt
configure:7355: found /bin/mt
configure:7366: result: mt
configure:7378: WARNING: using cross tools not prefixed with host triplet
configure:7389: checking if mt is a manifest tool
configure:7395: mt '-?'
configure:7403: result: no
configure:8042: checking for dlfcn.h
configure:8042: msdk-linux-gcc -c -fPIC -DPIC  conftest.c >&5
configure:8042: $? = 0
configure:8042: result: yes
configure:8248: checking for objdir
configure:8263: result: .libs
configure:8530: checking if msdk-linux-gcc supports -fno-rtti -fno-exceptions
configure:8548: msdk-linux-gcc -c -fPIC -DPIC  -fno-rtti -fno-exceptions conftest.c >&5
cc1: warning: command line option "-fno-rtti" is valid for C++/ObjC++ but not for C
configure:8552: $? = 0
configure:8565: result: no
configure:8892: checking for msdk-linux-gcc option to produce PIC
configure:8899: result: -fPIC -DPIC
configure:8907: checking if msdk-linux-gcc PIC flag -fPIC -DPIC works
configure:8925: msdk-linux-gcc -c -fPIC -DPIC  -fPIC -DPIC -DPIC conftest.c >&5
configure:8929: $? = 0
configure:8942: result: yes
configure:8971: checking if msdk-linux-gcc static flag -static works
configure:8999: result: yes
configure:9014: checking if msdk-linux-gcc supports -c -o file.o
configure:9035: msdk-linux-gcc -c -fPIC -DPIC  -o out/conftest2.o conftest.c >&5
configure:9039: $? = 0
configure:9061: result: yes
configure:9069: checking if msdk-linux-gcc supports -c -o file.o
configure:9116: result: yes
configure:9149: checking whether the msdk-linux-gcc linker (msdk-linux-ld) supports shared libraries
configure:10302: result: yes
configure:10339: checking whether -lc should be explicitly linked in
configure:10347: msdk-linux-gcc -c -fPIC -DPIC  conftest.c >&5
configure:10350: $? = 0
configure:10365: msdk-linux-gcc -shared  -fPIC -DPIC conftest.o  -v -Wl,-soname -Wl,conftest -o conftest 2\>\&1 \| /bin/grep  -lc  \>/dev/null 2\>\&1
configure:10368: $? = 0
configure:10382: result: no
configure:10542: checking dynamic linker characteristics
configure:11053: msdk-linux-gcc -o conftest -fPIC -DPIC   -Wl,-rpath -Wl,/foo conftest.c  >&5
configure:11053: $? = 0
configure:11275: result: GNU/Linux ld.so
configure:11382: checking how to hardcode library paths into programs
configure:11407: result: immediate
configure:11947: checking whether stripping libraries is possible
configure:11952: result: yes
configure:11987: checking if libtool supports shared libraries
configure:11989: result: yes
configure:11992: checking whether to build shared libraries
configure:12013: result: yes
configure:12016: checking whether to build static libraries
configure:12020: result: yes
configure:12070: checking for -Bsymbolic-functions linker flag
configure:12084: msdk-linux-gcc -o conftest -fPIC -DPIC  -Wl,-Bsymbolic-functions conftest.c  >&5
configure:12084: $? = 0
configure:12086: result: yes
configure:12220: checking that generated files are newer than configure
configure:12226: result: done
configure:12249: creating ./config.status

## ---------------------- ##
## Running config.status. ##
## ---------------------- ##

This file was extended by json-c config.status 0.12, which was
generated by GNU Autoconf 2.69.  Invocation command line was

  CONFIG_FILES    = 
  CONFIG_HEADERS  = 
  CONFIG_LINKS    = 
  CONFIG_COMMANDS = 
  $ ./config.status 

on Docker_U12-04

config.status:1117: creating Makefile
config.status:1117: creating json-c.pc
config.status:1117: creating tests/Makefile
config.status:1117: creating json-c-uninstalled.pc
config.status:1117: creating config.h
config.status:1117: creating json_config.h
config.status:1346: executing depfiles commands
config.status:1346: executing libtool commands

## ---------------- ##
## Cache variables. ##
## ---------------- ##

ac_cv_build=x86_64-unknown-linux-gnu
ac_cv_c_compiler_gnu=yes
ac_cv_c_const=yes
ac_cv_env_CC_set=set
ac_cv_env_CC_value=msdk-linux-gcc
ac_cv_env_CFLAGS_set=set
ac_cv_env_CFLAGS_value='-fPIC -DPIC'
ac_cv_env_CPPFLAGS_set=
ac_cv_env_CPPFLAGS_value=
ac_cv_env_CPP_set=
ac_cv_env_CPP_value=
ac_cv_env_LDFLAGS_set=
ac_cv_env_LDFLAGS_value=
ac_cv_env_LIBS_set=
ac_cv_env_LIBS_value=
ac_cv_env_build_alias_set=
ac_cv_env_build_alias_value=
ac_cv_env_host_alias_set=set
ac_cv_env_host_alias_value=mips-linux
ac_cv_env_target_alias_set=
ac_cv_env_target_alias_value=
ac_cv_func__doprnt=no
ac_cv_func_malloc_0_nonnull=yes
ac_cv_func_memcmp_working=no
ac_cv_func_open=yes
ac_cv_func_realloc_0_nonnull=yes
ac_cv_func_setlocale=yes
ac_cv_func_snprintf=yes
ac_cv_func_strcasecmp=yes
ac_cv_func_strdup=yes
ac_cv_func_strerror=yes
ac_cv_func_strncasecmp=yes
ac_cv_func_vasprintf=yes
ac_cv_func_vprintf=yes
ac_cv_func_vsnprintf=yes
ac_cv_func_vsyslog=yes
ac_cv_have_decl_INFINITY=yes
ac_cv_have_decl__finite=no
ac_cv_have_decl__isnan=no
ac_cv_have_decl_isinf=yes
ac_cv_have_decl_isnan=yes
ac_cv_have_decl_nan=yes
ac_cv_header_dlfcn_h=yes
ac_cv_header_endian_h=yes
ac_cv_header_fcntl_h=yes
ac_cv_header_inttypes_h=yes
ac_cv_header_limits_h=yes
ac_cv_header_locale_h=yes
ac_cv_header_memory_h=yes
ac_cv_header_stdarg_h=yes
ac_cv_header_stdc=yes
ac_cv_header_stdint_h=yes
ac_cv_header_stdlib_h=yes
ac_cv_header_string_h=yes
ac_cv_header_strings_h=yes
ac_cv_header_sys_cdefs_h=yes
ac_cv_header_sys_param_h=yes
ac_cv_header_sys_stat_h=yes
ac_cv_header_sys_types_h=yes
ac_cv_header_syslog_h=yes
ac_cv_header_unistd_h=yes
ac_cv_host=mips-unknown-linux-gnu
ac_cv_objext=o
ac_cv_path_EGREP='/bin/grep -E'
ac_cv_path_FGREP='/bin/grep -F'
ac_cv_path_GREP=/bin/grep
ac_cv_path_SED=/bin/sed
ac_cv_path_install='/usr/bin/install -c'
ac_cv_path_mkdir=/bin/mkdir
ac_cv_prog_AR=msdk-linux-ar
ac_cv_prog_AWK=gawk
ac_cv_prog_CC=msdk-linux-gcc
ac_cv_prog_CPP='msdk-linux-gcc -E'
ac_cv_prog_OBJDUMP=mips-linux-objdump
ac_cv_prog_RANLIB=msdk-linux-ranlib
ac_cv_prog_STRIP=msdk-linux-strip
ac_cv_prog_ac_ct_MANIFEST_TOOL=mt
ac_cv_prog_cc_c89=
ac_cv_prog_cc_g=yes
ac_cv_prog_make_make_set=yes
ac_cv_type_size_t=yes
am_cv_CC_dependencies_compiler_type=gcc3
am_cv_make_support_nested_variables=yes
am_cv_prog_cc_c_o=yes
lt_cv_ar_at_file=@
lt_cv_archive_cmds_need_lc=no
lt_cv_deplibs_check_method=pass_all
lt_cv_file_magic_cmd='$MAGIC_CMD'
lt_cv_file_magic_test_file=
lt_cv_ld_reload_flag=-r
lt_cv_nm_interface='BSD nm'
lt_cv_objdir=.libs
lt_cv_path_LD=msdk-linux-ld
lt_cv_path_NM='/workspace/wsr30/20240206_1102/marble/rtl819x/toolchain/msdk-4.4.7-mips-EB-3.10-0.9.33-m32t-131227b/bin/mips-linux-nm -B'
lt_cv_path_mainfest_tool=no
lt_cv_prog_compiler_c_o=yes
lt_cv_prog_compiler_pic='-fPIC -DPIC'
lt_cv_prog_compiler_pic_works=yes
lt_cv_prog_compiler_rtti_exceptions=no
lt_cv_prog_compiler_static_works=yes
lt_cv_prog_gnu_ld=yes
lt_cv_sharedlib_from_linklib_cmd='printf %s\n'
lt_cv_shlibpath_overrides_runpath=no
lt_cv_sys_global_symbol_pipe='sed -n -e '\''s/^.*[	 ]\([ABCDGIRSTW][ABCDGIRSTW]*\)[	 ][	 ]*\([_A-Za-z][_A-Za-z0-9]*\)$/\1 \2 \2/p'\'' | sed '\''/ __gnu_lto/d'\'''
lt_cv_sys_global_symbol_to_c_name_address='sed -n -e '\''s/^: \([^ ]*\)[ ]*$/  {\"\1\", (void *) 0},/p'\'' -e '\''s/^[ABCDGIRSTW]* \([^ ]*\) \([^ ]*\)$/  {"\2", (void *) \&\2},/p'\'''
lt_cv_sys_global_symbol_to_c_name_address_lib_prefix='sed -n -e '\''s/^: \([^ ]*\)[ ]*$/  {\"\1\", (void *) 0},/p'\'' -e '\''s/^[ABCDGIRSTW]* \([^ ]*\) \(lib[^ ]*\)$/  {"\2", (void *) \&\2},/p'\'' -e '\''s/^[ABCDGIRSTW]* \([^ ]*\) \([^ ]*\)$/  {"lib\2", (void *) \&\2},/p'\'''
lt_cv_sys_global_symbol_to_cdecl='sed -n -e '\''s/^T .* \(.*\)$/extern int \1();/p'\'' -e '\''s/^[ABCDGIRSTW]* .* \(.*\)$/extern char \1;/p'\'''
lt_cv_sys_max_cmd_len=3458764513820540925
lt_cv_to_host_file_cmd=func_convert_file_noop
lt_cv_to_tool_file_cmd=func_convert_file_noop

## ----------------- ##
## Output variables. ##
## ----------------- ##

ACLOCAL='${SHELL} /workspace/wsr30/20240206_1102/marble/rtl819x/users/json-c-0.12/missing aclocal-1.14'
AMDEPBACKSLASH='\'
AMDEP_FALSE='#'
AMDEP_TRUE=''
AMTAR='$${TAR-tar}'
AM_BACKSLASH='\'
AM_DEFAULT_V='$(AM_DEFAULT_VERBOSITY)'
AM_DEFAULT_VERBOSITY='1'
AM_V='$(V)'
AR='msdk-linux-ar'
AUTOCONF='${SHELL} /workspace/wsr30/20240206_1102/marble/rtl819x/users/json-c-0.12/missing autoconf'
AUTOHEADER='${SHELL} /workspace/wsr30/20240206_1102/marble/rtl819x/users/json-c-0.12/missing autoheader'
AUTOMAKE='${SHELL} /workspace/wsr30/20240206_1102/marble/rtl819x/users/json-c-0.12/missing automake-1.14'
AWK='gawk'
CC='msdk-linux-gcc'
CCDEPMODE='depmode=gcc3'
CFLAGS='-fPIC -DPIC'
CPP='msdk-linux-gcc -E'
CPPFLAGS=''
CYGPATH_W='echo'
DEFS='-DHAVE_CONFIG_H'
DEPDIR='.deps'
DLLTOOL='false'
DSYMUTIL=''
DUMPBIN=''
ECHO_C=''
ECHO_N='-n'
ECHO_T=''
EGREP='/bin/grep -E'
EXEEXT=''
FGREP='/bin/grep -F'
GREP='/bin/grep'
INSTALL_DATA='${INSTALL} -m 644'
INSTALL_PROGRAM='${INSTALL}'
INSTALL_SCRIPT='${INSTALL}'
INSTALL_STRIP_PROGRAM='$(install_sh) -c -s'
JSON_BSYMBOLIC_LDFLAGS='-Wl,-Bsymbolic-functions'
LD='msdk-linux-ld'
LDFLAGS=''
LIBOBJS=' ${LIBOBJDIR}memcmp$U.o'
LIBS=''
LIBTOOL='$(SHELL) $(top_builddir)/libtool'
LIPO=''
LN_S='ln -s'
LTLIBOBJS=' ${LIBOBJDIR}memcmp$U.lo'
MAKEINFO='${SHELL} /workspace/wsr30/20240206_1102/marble/rtl819x/users/json-c-0.12/missing makeinfo'
MANIFEST_TOOL=':'
MKDIR_P='/bin/mkdir -p'
NM='/workspace/wsr30/20240206_1102/marble/rtl819x/toolchain/msdk-4.4.7-mips-EB-3.10-0.9.33-m32t-131227b/bin/mips-linux-nm -B'
NMEDIT=''
OBJDUMP='mips-linux-objdump'
OBJEXT='o'
OTOOL64=''
OTOOL=''
PACKAGE='json-c'
PACKAGE_BUGREPORT='json-c@googlegroups.com'
PACKAGE_NAME='json-c'
PACKAGE_STRING='json-c 0.12'
PACKAGE_TARNAME='json-c'
PACKAGE_URL=''
PACKAGE_VERSION='0.12'
PATH_SEPARATOR=':'
RANLIB='msdk-linux-ranlib'
SED='/bin/sed'
SET_MAKE=''
SHELL='/bin/sh'
STRIP='msdk-linux-strip'
VERSION='0.12'
ac_ct_AR=''
ac_ct_CC=''
ac_ct_DUMPBIN=''
am__EXEEXT_FALSE=''
am__EXEEXT_TRUE='#'
am__fastdepCC_FALSE='#'
am__fastdepCC_TRUE=''
am__include='include'
am__isrc=''
am__leading_dot='.'
am__nodep='_no'
am__quote=''
am__tar='$${TAR-tar} chof - "$$tardir"'
am__untar='$${TAR-tar} xf -'
bindir='${exec_prefix}/bin'
build='x86_64-unknown-linux-gnu'
build_alias=''
build_cpu='x86_64'
build_os='linux-gnu'
build_vendor='unknown'
datadir='${datarootdir}'
datarootdir='${prefix}/share'
docdir='${datarootdir}/doc/${PACKAGE_TARNAME}'
dvidir='${docdir}'
exec_prefix='${prefix}'
host='mips-unknown-linux-gnu'
host_alias='mips-linux'
host_cpu='mips'
host_os='linux-gnu'
host_vendor='unknown'
htmldir='${docdir}'
includedir='${prefix}/include'
infodir='${datarootdir}/info'
install_sh='${SHELL} /workspace/wsr30/20240206_1102/marble/rtl819x/users/json-c-0.12/install-sh'
libdir='${exec_prefix}/lib'
libexecdir='${exec_prefix}/libexec'
localedir='${datarootdir}/locale'
localstatedir='${prefix}/var'
mandir='${datarootdir}/man'
mkdir_p='$(MKDIR_P)'
oldincludedir='/usr/include'
pdfdir='${docdir}'
prefix='/workspace/wsr30/20240206_1102/marble/rtl819x/users/lib'
program_transform_name='s,x,x,'
psdir='${docdir}'
sbindir='${exec_prefix}/sbin'
sharedstatedir='${prefix}/com'
sysconfdir='${prefix}/etc'
target_alias=''

## ----------- ##
## confdefs.h. ##
## ----------- ##

/* confdefs.h */
#define PACKAGE_NAME "json-c"
#define PACKAGE_TARNAME "json-c"
#define PACKAGE_VERSION "0.12"
#define PACKAGE_STRING "json-c 0.12"
#define PACKAGE_BUGREPORT "json-c@googlegroups.com"
#define PACKAGE_URL ""
#define PACKAGE "json-c"
#define VERSION "0.12"
#define STDC_HEADERS 1
#define HAVE_SYS_TYPES_H 1
#define HAVE_SYS_STAT_H 1
#define HAVE_STDLIB_H 1
#define HAVE_STRING_H 1
#define HAVE_MEMORY_H 1
#define HAVE_STRINGS_H 1
#define HAVE_INTTYPES_H 1
#define HAVE_STDINT_H 1
#define HAVE_UNISTD_H 1
#define HAVE_FCNTL_H 1
#define HAVE_LIMITS_H 1
#define HAVE_STRINGS_H 1
#define HAVE_SYSLOG_H 1
#define HAVE_UNISTD_H 1
#define HAVE_SYS_CDEFS_H 1
#define HAVE_SYS_PARAM_H 1
#define HAVE_STDARG_H 1
#define HAVE_LOCALE_H 1
#define HAVE_ENDIAN_H 1
#define JSON_C_HAVE_INTTYPES_H 1
#define HAVE_VPRINTF 1
#define HAVE_STDLIB_H 1
#define HAVE_MALLOC 1
#define HAVE_STDLIB_H 1
#define HAVE_REALLOC 1
#define HAVE_STRCASECMP 1
#define HAVE_STRDUP 1
#define HAVE_STRERROR 1
#define HAVE_SNPRINTF 1
#define HAVE_VSNPRINTF 1
#define HAVE_VASPRINTF 1
#define HAVE_OPEN 1
#define HAVE_VSYSLOG 1
#define HAVE_STRNCASECMP 1
#define HAVE_SETLOCALE 1
#define HAVE_DECL_INFINITY 1
#define HAVE_DECL_NAN 1
#define HAVE_DECL_ISNAN 1
#define HAVE_DECL_ISINF 1
#define HAVE_DECL__ISNAN 0
#define HAVE_DECL__FINITE 0
#define HAVE_DLFCN_H 1
#define LT_OBJDIR ".libs/"

configure: exit 0

## ---------------------- ##
## Running config.status. ##
## ---------------------- ##

This file was extended by json-c config.status 0.12, which was
generated by GNU Autoconf 2.69.  Invocation command line was

  CONFIG_FILES    = 
  CONFIG_HEADERS  = 
  CONFIG_LINKS    = 
  CONFIG_COMMANDS = 
  $ ./config.status config.h

on Docker_U12-04

config.status:1117: creating config.h
config.status:1298: config.h is unchanged
