This file contains any messages produced by compilers while
running configure, to aid debugging if configure makes a mistake.

It was created by configure, which was
generated by GNU Autoconf 2.68.  Invocation command line was

  $ ./configure --prefix=/workspace/wsr30/20240206_1102/marble/rtl819x/users/lib --build=i686-pc-linux-gnu --host=mips-linux --disable-python

## --------- ##
## Platform. ##
## --------- ##

hostname = Docker_U12-04
uname -m = x86_64
uname -r = 4.15.0-142-generic
uname -s = Linux
uname -v = #146~16.04.1-Ubuntu SMP Tue Apr 13 09:27:15 UTC 2021

/usr/bin/uname -p = unknown
/bin/uname -X     = unknown

/bin/arch              = unknown
/usr/bin/arch -k       = unknown
/usr/convex/getsysinfo = unknown
/usr/bin/hostinfo      = unknown
/bin/machine           = unknown
/usr/bin/oslevel       = unknown
/bin/universe          = unknown

PATH: /workspace/wsr30/20240206_1102/marble/rtl819x/toolchain/msdk-4.4.7-mips-EB-3.10-0.9.33-m32t-131227b/bin
PATH: /usr/local/sbin
PATH: /usr/local/bin
PATH: /usr/sbin
PATH: /usr/bin
PATH: /sbin
PATH: /bin
PATH: /home/n/bin


## ----------- ##
## Core tests. ##
## ----------- ##

configure:2738: checking build system type
configure:2752: result: i686-pc-linux-gnu
configure:2772: checking host system type
configure:2785: result: mips-unknown-linux-gnu
configure:2821: checking for a BSD-compatible install
configure:2889: result: /usr/bin/install -c
configure:2900: checking whether build environment is sane
configure:2950: result: yes
configure:2999: checking for mips-linux-strip
configure:3026: result: msdk-linux-strip
configure:3091: checking for a thread-safe mkdir -p
configure:3130: result: /bin/mkdir -p
configure:3143: checking for gawk
configure:3159: found /usr/bin/gawk
configure:3170: result: gawk
configure:3181: checking whether make sets $(MAKE)
configure:3203: result: yes
configure:3336: checking for mips-linux-gcc
configure:3363: result: msdk-linux-gcc
configure:3632: checking for C compiler version
configure:3641: msdk-linux-gcc --version >&5
mips-linux-xgcc (Realtek MSDK-4.4.7 Build 1459) 4.4.7
Copyright (C) 2010 Free Software Foundation, Inc.
This is free software; see the source for copying conditions.  There is NO
warranty; not even for MERCHANTABILITY or FITNESS FOR A PARTICULAR PURPOSE.

configure:3652: $? = 0
configure:3641: msdk-linux-gcc -v >&5
Using built-in specs.
Target: mips-linux-uclibc
Configured with: SDK Builder release 4.4
Thread model: posix
gcc version 4.4.7 (Realtek MSDK-4.4.7 Build 1459) 
configure:3652: $? = 0
configure:3641: msdk-linux-gcc -V >&5
mips-linux-xgcc: '-V' must come at the start of the command line
configure:3652: $? = 1
configure:3641: msdk-linux-gcc -qversion >&5
mips-linux-xgcc: unrecognized option '-qversion'
mips-linux-xgcc: no input files
configure:3652: $? = 1
configure:3672: checking whether the C compiler works
configure:3694: msdk-linux-gcc -fPIC -D_GNU_SOURCE   conftest.c  >&5
configure:3698: $? = 0
configure:3746: result: yes
configure:3749: checking for C compiler default output file name
configure:3751: result: a.out
configure:3757: checking for suffix of executables
configure:3764: msdk-linux-gcc -o conftest -fPIC -D_GNU_SOURCE   conftest.c  >&5
configure:3768: $? = 0
configure:3790: result: 
configure:3812: checking whether we are cross compiling
configure:3850: result: yes
configure:3855: checking for suffix of object files
configure:3877: msdk-linux-gcc -c -fPIC -D_GNU_SOURCE  conftest.c >&5
configure:3881: $? = 0
configure:3902: result: o
configure:3906: checking whether we are using the GNU C compiler
configure:3925: msdk-linux-gcc -c -fPIC -D_GNU_SOURCE  conftest.c >&5
configure:3925: $? = 0
configure:3934: result: yes
configure:3943: checking whether msdk-linux-gcc accepts -g
configure:3963: msdk-linux-gcc -c -g  conftest.c >&5
configure:3963: $? = 0
configure:4004: result: yes
configure:4021: checking for msdk-linux-gcc option to accept ISO C89
configure:4085: msdk-linux-gcc  -c -fPIC -D_GNU_SOURCE  conftest.c >&5
configure:4085: $? = 0
configure:4098: result: none needed
configure:4129: checking for style of include used by make
configure:4157: result: GNU
configure:4182: checking dependency style of msdk-linux-gcc
configure:4292: result: gcc3
configure:4312: checking how to run the C preprocessor
configure:4343: msdk-linux-gcc -E  conftest.c
configure:4343: $? = 0
configure:4357: msdk-linux-gcc -E  conftest.c
conftest.c:11:28: error: ac_nonexistent.h: No such file or directory
configure:4357: $? = 1
configure: failed program was:
| /* confdefs.h */
| #define PACKAGE_NAME ""
| #define PACKAGE_TARNAME ""
| #define PACKAGE_VERSION ""
| #define PACKAGE_STRING ""
| #define PACKAGE_BUGREPORT ""
| #define PACKAGE_URL ""
| #define PACKAGE "alsa-lib"
| #define VERSION "1.0.25"
| /* end confdefs.h.  */
| #include <ac_nonexistent.h>
configure:4382: result: msdk-linux-gcc -E
configure:4402: msdk-linux-gcc -E  conftest.c
configure:4402: $? = 0
configure:4416: msdk-linux-gcc -E  conftest.c
conftest.c:11:28: error: ac_nonexistent.h: No such file or directory
configure:4416: $? = 1
configure: failed program was:
| /* confdefs.h */
| #define PACKAGE_NAME ""
| #define PACKAGE_TARNAME ""
| #define PACKAGE_VERSION ""
| #define PACKAGE_STRING ""
| #define PACKAGE_BUGREPORT ""
| #define PACKAGE_URL ""
| #define PACKAGE "alsa-lib"
| #define VERSION "1.0.25"
| /* end confdefs.h.  */
| #include <ac_nonexistent.h>
configure:4445: checking whether ln -s works
configure:4449: result: yes
configure:4531: checking for a sed that does not truncate output
configure:4585: result: /bin/sed
configure:4588: checking for grep that handles long lines and -e
configure:4646: result: /bin/grep
configure:4651: checking for egrep
configure:4713: result: /bin/grep -E
configure:4729: checking for ld used by msdk-linux-gcc
configure:4796: result: msdk-linux-gcc
configure:4803: checking if the linker (msdk-linux-gcc) is GNU ld
configure:4818: result: no
configure:4823: checking for msdk-linux-gcc option to reload object files
configure:4830: result: -r
configure:4848: checking for BSD-compatible nm
configure:4897: result: /workspace/wsr30/20240206_1102/marble/rtl819x/toolchain/msdk-4.4.7-mips-EB-3.10-0.9.33-m32t-131227b/bin/mips-linux-nm -B
configure:4901: checking how to recognise dependent libraries
configure:5077: result: pass_all
configure:5282: checking for ANSI C header files
configure:5302: msdk-linux-gcc -c -fPIC -D_GNU_SOURCE  conftest.c >&5
configure:5302: $? = 0
configure:5386: result: yes
configure:5399: checking for sys/types.h
configure:5399: msdk-linux-gcc -c -fPIC -D_GNU_SOURCE  conftest.c >&5
configure:5399: $? = 0
configure:5399: result: yes
configure:5399: checking for sys/stat.h
configure:5399: msdk-linux-gcc -c -fPIC -D_GNU_SOURCE  conftest.c >&5
configure:5399: $? = 0
configure:5399: result: yes
configure:5399: checking for stdlib.h
configure:5399: msdk-linux-gcc -c -fPIC -D_GNU_SOURCE  conftest.c >&5
configure:5399: $? = 0
configure:5399: result: yes
configure:5399: checking for string.h
configure:5399: msdk-linux-gcc -c -fPIC -D_GNU_SOURCE  conftest.c >&5
configure:5399: $? = 0
configure:5399: result: yes
configure:5399: checking for memory.h
configure:5399: msdk-linux-gcc -c -fPIC -D_GNU_SOURCE  conftest.c >&5
configure:5399: $? = 0
configure:5399: result: yes
configure:5399: checking for strings.h
configure:5399: msdk-linux-gcc -c -fPIC -D_GNU_SOURCE  conftest.c >&5
configure:5399: $? = 0
configure:5399: result: yes
configure:5399: checking for inttypes.h
configure:5399: msdk-linux-gcc -c -fPIC -D_GNU_SOURCE  conftest.c >&5
configure:5399: $? = 0
configure:5399: result: yes
configure:5399: checking for stdint.h
configure:5399: msdk-linux-gcc -c -fPIC -D_GNU_SOURCE  conftest.c >&5
configure:5399: $? = 0
configure:5399: result: yes
configure:5399: checking for unistd.h
configure:5399: msdk-linux-gcc -c -fPIC -D_GNU_SOURCE  conftest.c >&5
configure:5399: $? = 0
configure:5399: result: yes
configure:5413: checking dlfcn.h usability
configure:5413: msdk-linux-gcc -c -fPIC -D_GNU_SOURCE  conftest.c >&5
configure:5413: $? = 0
configure:5413: result: yes
configure:5413: checking dlfcn.h presence
configure:5413: msdk-linux-gcc -E  conftest.c
configure:5413: $? = 0
configure:5413: result: yes
configure:5413: checking for dlfcn.h
configure:5413: result: yes
configure:5535: checking for C++ compiler version
configure:5544: msdk-linux-g++ --version >&5
mips-linux-xg++ (Realtek MSDK-4.4.7 Build 1459) 4.4.7
Copyright (C) 2010 Free Software Foundation, Inc.
This is free software; see the source for copying conditions.  There is NO
warranty; not even for MERCHANTABILITY or FITNESS FOR A PARTICULAR PURPOSE.

configure:5555: $? = 0
configure:5544: msdk-linux-g++ -v >&5
Using built-in specs.
Target: mips-linux-uclibc
Configured with: SDK Builder release 4.4
Thread model: posix
gcc version 4.4.7 (Realtek MSDK-4.4.7 Build 1459) 
configure:5555: $? = 0
configure:5544: msdk-linux-g++ -V >&5
mips-linux-xg++: argument to '-V' missing

configure:5555: $? = 1
configure:5544: msdk-linux-g++ -qversion >&5
mips-linux-xg++: unrecognized option '-qversion'
mips-linux-xg++: no input files
configure:5555: $? = 1
configure:5559: checking whether we are using the GNU C++ compiler
configure:5578: msdk-linux-g++ -c   conftest.cpp >&5
configure:5578: $? = 0
configure:5587: result: yes
configure:5596: checking whether msdk-linux-g++ accepts -g
configure:5616: msdk-linux-g++ -c -g  conftest.cpp >&5
configure:5616: $? = 0
configure:5657: result: yes
configure:5682: checking dependency style of msdk-linux-g++
configure:5792: result: gcc3
configure:5817: checking how to run the C++ preprocessor
configure:5844: msdk-linux-g++ -E  conftest.cpp
configure:5844: $? = 0
configure:5858: msdk-linux-g++ -E  conftest.cpp
conftest.cpp:22:28: error: ac_nonexistent.h: No such file or directory
configure:5858: $? = 1
configure: failed program was:
| /* confdefs.h */
| #define PACKAGE_NAME ""
| #define PACKAGE_TARNAME ""
| #define PACKAGE_VERSION ""
| #define PACKAGE_STRING ""
| #define PACKAGE_BUGREPORT ""
| #define PACKAGE_URL ""
| #define PACKAGE "alsa-lib"
| #define VERSION "1.0.25"
| #define STDC_HEADERS 1
| #define HAVE_SYS_TYPES_H 1
| #define HAVE_SYS_STAT_H 1
| #define HAVE_STDLIB_H 1
| #define HAVE_STRING_H 1
| #define HAVE_MEMORY_H 1
| #define HAVE_STRINGS_H 1
| #define HAVE_INTTYPES_H 1
| #define HAVE_STDINT_H 1
| #define HAVE_UNISTD_H 1
| #define HAVE_DLFCN_H 1
| /* end confdefs.h.  */
| #include <ac_nonexistent.h>
configure:5883: result: msdk-linux-g++ -E
configure:5903: msdk-linux-g++ -E  conftest.cpp
configure:5903: $? = 0
configure:5917: msdk-linux-g++ -E  conftest.cpp
conftest.cpp:22:28: error: ac_nonexistent.h: No such file or directory
configure:5917: $? = 1
configure: failed program was:
| /* confdefs.h */
| #define PACKAGE_NAME ""
| #define PACKAGE_TARNAME ""
| #define PACKAGE_VERSION ""
| #define PACKAGE_STRING ""
| #define PACKAGE_BUGREPORT ""
| #define PACKAGE_URL ""
| #define PACKAGE "alsa-lib"
| #define VERSION "1.0.25"
| #define STDC_HEADERS 1
| #define HAVE_SYS_TYPES_H 1
| #define HAVE_SYS_STAT_H 1
| #define HAVE_STDLIB_H 1
| #define HAVE_STRING_H 1
| #define HAVE_MEMORY_H 1
| #define HAVE_STRINGS_H 1
| #define HAVE_INTTYPES_H 1
| #define HAVE_STDINT_H 1
| #define HAVE_UNISTD_H 1
| #define HAVE_DLFCN_H 1
| /* end confdefs.h.  */
| #include <ac_nonexistent.h>
configure:5957: checking for mips-linux-g77
configure:5987: result: no
configure:5957: checking for mips-linux-xlf
configure:5987: result: no
configure:5957: checking for mips-linux-f77
configure:5987: result: no
configure:5957: checking for mips-linux-frt
configure:5987: result: no
configure:5957: checking for mips-linux-pgf77
configure:5987: result: no
configure:5957: checking for mips-linux-cf77
configure:5987: result: no
configure:5957: checking for mips-linux-fort77
configure:5987: result: no
configure:5957: checking for mips-linux-fl32
configure:5987: result: no
configure:5957: checking for mips-linux-af77
configure:5987: result: no
configure:5957: checking for mips-linux-xlf90
configure:5987: result: no
configure:5957: checking for mips-linux-f90
configure:5987: result: no
configure:5957: checking for mips-linux-pgf90
configure:5987: result: no
configure:5957: checking for mips-linux-pghpf
configure:5987: result: no
configure:5957: checking for mips-linux-epcf90
configure:5987: result: no
configure:5957: checking for mips-linux-gfortran
configure:5987: result: no
configure:5957: checking for mips-linux-g95
configure:5987: result: no
configure:5957: checking for mips-linux-xlf95
configure:5987: result: no
configure:5957: checking for mips-linux-f95
configure:5987: result: no
configure:5957: checking for mips-linux-fort
configure:5987: result: no
configure:5957: checking for mips-linux-ifort
configure:5987: result: no
configure:5957: checking for mips-linux-ifc
configure:5987: result: no
configure:5957: checking for mips-linux-efc
configure:5987: result: no
configure:5957: checking for mips-linux-pgfortran
configure:5987: result: no
configure:5957: checking for mips-linux-pgf95
configure:5987: result: no
configure:5957: checking for mips-linux-lf95
configure:5987: result: no
configure:5957: checking for mips-linux-ftn
configure:5987: result: no
configure:6001: checking for g77
configure:6031: result: no
configure:6001: checking for xlf
configure:6031: result: no
configure:6001: checking for f77
configure:6031: result: no
configure:6001: checking for frt
configure:6031: result: no
configure:6001: checking for pgf77
configure:6031: result: no
configure:6001: checking for cf77
configure:6031: result: no
configure:6001: checking for fort77
configure:6031: result: no
configure:6001: checking for fl32
configure:6031: result: no
configure:6001: checking for af77
configure:6031: result: no
configure:6001: checking for xlf90
configure:6031: result: no
configure:6001: checking for f90
configure:6031: result: no
configure:6001: checking for pgf90
configure:6031: result: no
configure:6001: checking for pghpf
configure:6031: result: no
configure:6001: checking for epcf90
configure:6031: result: no
configure:6001: checking for gfortran
configure:6031: result: no
configure:6001: checking for g95
configure:6031: result: no
configure:6001: checking for xlf95
configure:6031: result: no
configure:6001: checking for f95
configure:6031: result: no
configure:6001: checking for fort
configure:6031: result: no
configure:6001: checking for ifort
configure:6031: result: no
configure:6001: checking for ifc
configure:6031: result: no
configure:6001: checking for efc
configure:6031: result: no
configure:6001: checking for pgfortran
configure:6031: result: no
configure:6001: checking for pgf95
configure:6031: result: no
configure:6001: checking for lf95
configure:6031: result: no
configure:6001: checking for ftn
configure:6031: result: no
configure:6054: checking for Fortran 77 compiler version
configure:6063:  --version >&5
./configure: line 6065: --version: command not found
configure:6074: $? = 127
configure:6063:  -v >&5
./configure: line 6065: -v: command not found
configure:6074: $? = 127
configure:6063:  -V >&5
./configure: line 6065: -V: command not found
configure:6074: $? = 127
configure:6063:  -qversion >&5
./configure: line 6065: -qversion: command not found
configure:6074: $? = 127
configure:6083: checking whether we are using the GNU Fortran 77 compiler
configure:6096:  -c  conftest.F >&5
./configure: line 2281: -c: command not found
configure:6096: $? = 127
configure: failed program was:
|       program main
| #ifndef __GNUC__
|        choke me
| #endif
| 
|       end
configure:6105: result: no
configure:6111: checking whether  accepts -g
configure:6122:  -c -g conftest.f >&5
./configure: line 2281: -c: command not found
configure:6122: $? = 127
configure: failed program was:
|       program main
| 
|       end
configure:6130: result: no
configure:6164: checking the maximum length of command line arguments
configure:6273: result: 32768
configure:6284: checking command to parse /workspace/wsr30/20240206_1102/marble/rtl819x/toolchain/msdk-4.4.7-mips-EB-3.10-0.9.33-m32t-131227b/bin/mips-linux-nm -B output from msdk-linux-gcc object
configure:6389: msdk-linux-gcc -c -fPIC -D_GNU_SOURCE  conftest.c >&5
configure:6392: $? = 0
configure:6396: /workspace/wsr30/20240206_1102/marble/rtl819x/toolchain/msdk-4.4.7-mips-EB-3.10-0.9.33-m32t-131227b/bin/mips-linux-nm -B conftest.o \| sed -n -e 's/^.*[ 	]\([ABCDGIRSTW][ABCDGIRSTW]*\)[ 	][ 	]*\([_A-Za-z][_A-Za-z0-9]*\)$/\1 \2 \2/p' \> conftest.nm
configure:6399: $? = 0
configure:6451: msdk-linux-gcc -o conftest -fPIC -D_GNU_SOURCE   conftest.c conftstm.o >&5
configure:6454: $? = 0
configure:6492: result: ok
configure:6496: checking for objdir
configure:6511: result: .libs
configure:6563: checking for mips-linux-ar
configure:6590: result: msdk-linux-ar
configure:6655: checking for mips-linux-ranlib
configure:6682: result: msdk-linux-ranlib
configure:6747: checking for mips-linux-strip
configure:6774: result: msdk-linux-strip
configure:7096: checking if msdk-linux-gcc supports -fno-rtti -fno-exceptions
configure:7114: msdk-linux-gcc -c -fPIC -D_GNU_SOURCE  -fno-rtti -fno-exceptions conftest.c >&5
cc1: warning: command line option "-fno-rtti" is valid for C++/ObjC++ but not for C
configure:7118: $? = 0
configure:7131: result: no
configure:7146: checking for msdk-linux-gcc option to produce PIC
configure:7356: result: -fPIC
configure:7364: checking if msdk-linux-gcc PIC flag -fPIC works
configure:7382: msdk-linux-gcc -c -fPIC -D_GNU_SOURCE  -fPIC -DPIC conftest.c >&5
configure:7386: $? = 0
configure:7399: result: yes
configure:7427: checking if msdk-linux-gcc static flag -static works
configure:7455: result: yes
configure:7465: checking if msdk-linux-gcc supports -c -o file.o
configure:7486: msdk-linux-gcc -c -fPIC -D_GNU_SOURCE  -o out/conftest2.o conftest.c >&5
configure:7490: $? = 0
configure:7512: result: yes
configure:7538: checking whether the msdk-linux-gcc linker (msdk-linux-gcc) supports shared libraries
configure:8438: result: no
configure:8505: checking dynamic linker characteristics
configure:9093: result: GNU/Linux ld.so
configure:9102: checking how to hardcode library paths into programs
configure:9127: result: unsupported
configure:9141: checking whether stripping libraries is possible
configure:9146: result: yes
configure:9244: checking for shl_load
configure:9244: msdk-linux-gcc -o conftest -fPIC -D_GNU_SOURCE   conftest.c  >&5
/tmp/ccOOsRrp.o: In function `main':
conftest.c:(.text+0x20): undefined reference to `shl_load'
collect2: ld returned 1 exit status
configure:9244: $? = 1
configure: failed program was:
| /* confdefs.h */
| #define PACKAGE_NAME ""
| #define PACKAGE_TARNAME ""
| #define PACKAGE_VERSION ""
| #define PACKAGE_STRING ""
| #define PACKAGE_BUGREPORT ""
| #define PACKAGE_URL ""
| #define PACKAGE "alsa-lib"
| #define VERSION "1.0.25"
| #define STDC_HEADERS 1
| #define HAVE_SYS_TYPES_H 1
| #define HAVE_SYS_STAT_H 1
| #define HAVE_STDLIB_H 1
| #define HAVE_STRING_H 1
| #define HAVE_MEMORY_H 1
| #define HAVE_STRINGS_H 1
| #define HAVE_INTTYPES_H 1
| #define HAVE_STDINT_H 1
| #define HAVE_UNISTD_H 1
| #define HAVE_DLFCN_H 1
| /* end confdefs.h.  */
| /* Define shl_load to an innocuous variant, in case <limits.h> declares shl_load.
|    For example, HP-UX 11i <limits.h> declares gettimeofday.  */
| #define shl_load innocuous_shl_load
| 
| /* System header to define __stub macros and hopefully few prototypes,
|     which can conflict with char shl_load (); below.
|     Prefer <limits.h> to <assert.h> if __STDC__ is defined, since
|     <limits.h> exists even on freestanding compilers.  */
| 
| #ifdef __STDC__
| # include <limits.h>
| #else
| # include <assert.h>
| #endif
| 
| #undef shl_load
| 
| /* Override any GCC internal prototype to avoid an error.
|    Use char because int might match the return type of a GCC
|    builtin and then its argument prototype would still apply.  */
| #ifdef __cplusplus
| extern "C"
| #endif
| char shl_load ();
| /* The GNU C library defines this for functions which it implements
|     to always fail with ENOSYS.  Some functions are actually named
|     something starting with __ and the normal name is an alias.  */
| #if defined __stub_shl_load || defined __stub___shl_load
| choke me
| #endif
| 
| int
| main ()
| {
| return shl_load ();
|   ;
|   return 0;
| }
configure:9244: result: no
configure:9248: checking for shl_load in -ldld
configure:9273: msdk-linux-gcc -o conftest -fPIC -D_GNU_SOURCE   conftest.c -ldld   >&5
/workspace/wsr30/20240206_1102/marble/rtl819x/toolchain/msdk-4.4.7-mips-EB-3.10-0.9.33-m32t-131227b/bin/../lib/gcc/mips-linux-uclibc/4.4.7/../../../../mips-linux-uclibc/bin/ld: cannot find -ldld
collect2: ld returned 1 exit status
configure:9273: $? = 1
configure: failed program was:
| /* confdefs.h */
| #define PACKAGE_NAME ""
| #define PACKAGE_TARNAME ""
| #define PACKAGE_VERSION ""
| #define PACKAGE_STRING ""
| #define PACKAGE_BUGREPORT ""
| #define PACKAGE_URL ""
| #define PACKAGE "alsa-lib"
| #define VERSION "1.0.25"
| #define STDC_HEADERS 1
| #define HAVE_SYS_TYPES_H 1
| #define HAVE_SYS_STAT_H 1
| #define HAVE_STDLIB_H 1
| #define HAVE_STRING_H 1
| #define HAVE_MEMORY_H 1
| #define HAVE_STRINGS_H 1
| #define HAVE_INTTYPES_H 1
| #define HAVE_STDINT_H 1
| #define HAVE_UNISTD_H 1
| #define HAVE_DLFCN_H 1
| /* end confdefs.h.  */
| 
| /* Override any GCC internal prototype to avoid an error.
|    Use char because int might match the return type of a GCC
|    builtin and then its argument prototype would still apply.  */
| #ifdef __cplusplus
| extern "C"
| #endif
| char shl_load ();
| int
| main ()
| {
| return shl_load ();
|   ;
|   return 0;
| }
configure:9282: result: no
configure:9287: checking for dlopen
configure:9287: msdk-linux-gcc -o conftest -fPIC -D_GNU_SOURCE   conftest.c  >&5
/tmp/ccOa0FzB.o: In function `main':
conftest.c:(.text+0x20): undefined reference to `dlopen'
collect2: ld returned 1 exit status
configure:9287: $? = 1
configure: failed program was:
| /* confdefs.h */
| #define PACKAGE_NAME ""
| #define PACKAGE_TARNAME ""
| #define PACKAGE_VERSION ""
| #define PACKAGE_STRING ""
| #define PACKAGE_BUGREPORT ""
| #define PACKAGE_URL ""
| #define PACKAGE "alsa-lib"
| #define VERSION "1.0.25"
| #define STDC_HEADERS 1
| #define HAVE_SYS_TYPES_H 1
| #define HAVE_SYS_STAT_H 1
| #define HAVE_STDLIB_H 1
| #define HAVE_STRING_H 1
| #define HAVE_MEMORY_H 1
| #define HAVE_STRINGS_H 1
| #define HAVE_INTTYPES_H 1
| #define HAVE_STDINT_H 1
| #define HAVE_UNISTD_H 1
| #define HAVE_DLFCN_H 1
| /* end confdefs.h.  */
| /* Define dlopen to an innocuous variant, in case <limits.h> declares dlopen.
|    For example, HP-UX 11i <limits.h> declares gettimeofday.  */
| #define dlopen innocuous_dlopen
| 
| /* System header to define __stub macros and hopefully few prototypes,
|     which can conflict with char dlopen (); below.
|     Prefer <limits.h> to <assert.h> if __STDC__ is defined, since
|     <limits.h> exists even on freestanding compilers.  */
| 
| #ifdef __STDC__
| # include <limits.h>
| #else
| # include <assert.h>
| #endif
| 
| #undef dlopen
| 
| /* Override any GCC internal prototype to avoid an error.
|    Use char because int might match the return type of a GCC
|    builtin and then its argument prototype would still apply.  */
| #ifdef __cplusplus
| extern "C"
| #endif
| char dlopen ();
| /* The GNU C library defines this for functions which it implements
|     to always fail with ENOSYS.  Some functions are actually named
|     something starting with __ and the normal name is an alias.  */
| #if defined __stub_dlopen || defined __stub___dlopen
| choke me
| #endif
| 
| int
| main ()
| {
| return dlopen ();
|   ;
|   return 0;
| }
configure:9287: result: no
configure:9291: checking for dlopen in -ldl
configure:9316: msdk-linux-gcc -o conftest -fPIC -D_GNU_SOURCE   conftest.c -ldl   >&5
configure:9316: $? = 0
configure:9325: result: yes
configure:9444: checking whether a program can dlopen itself
configure:9539: result: cross
configure:9662: checking if libtool supports shared libraries
configure:9664: result: no
configure:9667: checking whether to build shared libraries
configure:9688: result: no
configure:9691: checking whether to build static libraries
configure:9695: result: yes
configure:9787: creating libtool
configure:10371: checking for ld used by msdk-linux-g++
configure:10438: result: msdk-linux-gcc
configure:10445: checking if the linker (msdk-linux-gcc) is GNU ld
configure:10460: result: no
configure:10511: checking whether the msdk-linux-g++ linker (msdk-linux-gcc) supports shared libraries
configure:11391: result: yes
configure:11409: msdk-linux-g++ -c -g -O2  conftest.cpp >&5
configure:11412: $? = 0
configure:11531: checking for msdk-linux-g++ option to produce PIC
configure:11805: result: -fPIC
configure:11813: checking if msdk-linux-g++ PIC flag -fPIC works
configure:11831: msdk-linux-g++ -c -g -O2  -fPIC -DPIC conftest.cpp >&5
configure:11835: $? = 0
configure:11848: result: yes
configure:11876: checking if msdk-linux-g++ static flag -static works
configure:11904: result: yes
configure:11914: checking if msdk-linux-g++ supports -c -o file.o
configure:11935: msdk-linux-g++ -c -g -O2  -o out/conftest2.o conftest.cpp >&5
configure:11939: $? = 0
configure:11961: result: yes
configure:11987: checking whether the msdk-linux-g++ linker (msdk-linux-gcc) supports shared libraries
configure:12012: result: yes
configure:12079: checking dynamic linker characteristics
configure:12667: result: GNU/Linux ld.so
configure:12676: checking how to hardcode library paths into programs
configure:12701: result: unsupported
configure:18740: checking for ANSI C header files
configure:18844: result: yes
configure:18855: checking for an ANSI C-conforming const
configure:18920: msdk-linux-gcc -c -fPIC -D_GNU_SOURCE  conftest.c >&5
configure:18920: $? = 0
configure:18927: result: yes
configure:18935: checking for inline
configure:18951: msdk-linux-gcc -c -fPIC -D_GNU_SOURCE  conftest.c >&5
configure:18951: $? = 0
configure:18959: result: inline
configure:18977: checking whether time.h and sys/time.h may both be included
configure:18997: msdk-linux-gcc -c -fPIC -D_GNU_SOURCE  conftest.c >&5
configure:18997: $? = 0
configure:19004: result: yes
configure:19014: checking whether msdk-linux-gcc needs -traditional
In file included from conftest.c:24:
/workspace/wsr30/20240206_1102/marble/rtl819x/toolchain/msdk-4.4.7-mips-EB-3.10-0.9.33-m32t-131227b/bin/../lib/gcc/mips-linux-uclibc/4.4.7/../../../../mips-linux-uclibc/include/sgtty.h:22:2: warning: #warning useless header on uClibc
configure:19048: result: no
configure:19055: checking for hsearch_r
configure:19055: msdk-linux-gcc -o conftest -fPIC -D_GNU_SOURCE   conftest.c  >&5
configure:19055: $? = 0
configure:19055: result: yes
configure:19070: checking for uselocale
configure:19070: msdk-linux-gcc -o conftest -fPIC -D_GNU_SOURCE   conftest.c  >&5
/tmp/ccGHrlBm.o: In function `main':
conftest.c:(.text+0x20): undefined reference to `uselocale'
collect2: ld returned 1 exit status
configure:19070: $? = 1
configure: failed program was:
| /* confdefs.h */
| #define PACKAGE_NAME ""
| #define PACKAGE_TARNAME ""
| #define PACKAGE_VERSION ""
| #define PACKAGE_STRING ""
| #define PACKAGE_BUGREPORT ""
| #define PACKAGE_URL ""
| #define PACKAGE "alsa-lib"
| #define VERSION "1.0.25"
| #define STDC_HEADERS 1
| #define HAVE_SYS_TYPES_H 1
| #define HAVE_SYS_STAT_H 1
| #define HAVE_STDLIB_H 1
| #define HAVE_STRING_H 1
| #define HAVE_MEMORY_H 1
| #define HAVE_STRINGS_H 1
| #define HAVE_INTTYPES_H 1
| #define HAVE_STDINT_H 1
| #define HAVE_UNISTD_H 1
| #define HAVE_DLFCN_H 1
| #define STDC_HEADERS 1
| #define TIME_WITH_SYS_TIME 1
| /* end confdefs.h.  */
| /* Define uselocale to an innocuous variant, in case <limits.h> declares uselocale.
|    For example, HP-UX 11i <limits.h> declares gettimeofday.  */
| #define uselocale innocuous_uselocale
| 
| /* System header to define __stub macros and hopefully few prototypes,
|     which can conflict with char uselocale (); below.
|     Prefer <limits.h> to <assert.h> if __STDC__ is defined, since
|     <limits.h> exists even on freestanding compilers.  */
| 
| #ifdef __STDC__
| # include <limits.h>
| #else
| # include <assert.h>
| #endif
| 
| #undef uselocale
| 
| /* Override any GCC internal prototype to avoid an error.
|    Use char because int might match the return type of a GCC
|    builtin and then its argument prototype would still apply.  */
| #ifdef __cplusplus
| extern "C"
| #endif
| char uselocale ();
| /* The GNU C library defines this for functions which it implements
|     to always fail with ENOSYS.  Some functions are actually named
|     something starting with __ and the normal name is an alias.  */
| #if defined __stub_uselocale || defined __stub___uselocale
| choke me
| #endif
| 
| int
| main ()
| {
| return uselocale ();
|   ;
|   return 0;
| }
configure:19070: result: no
configure:19081: checking for library version
configure:19106: result: major 1 minor 0 subminor 25 extrastr  extraver 1000000
configure:19197: checking for versioned symbols
configure:19224: result: yes
configure:19243: checking for symbolic-functions
configure:19262: result: no
configure:19274: checking for custom symbol prefixes
configure:19287: result: 
configure:19290: checking for debug
configure:19301: result: yes
configure:19312: checking for debug assert
configure:19328: result: no
configure:19333: checking for tmpdir
configure:19343: result: /tmp
configure:19351: checking for softfloat
configure:19369: result: no
configure:19378: checking for libdl
configure:19389: checking for dlsym in -ldl
configure:19414: msdk-linux-gcc -o conftest -fPIC -D_GNU_SOURCE   conftest.c -ldl   >&5
configure:19414: $? = 0
configure:19423: result: yes
configure:19448: checking for pthread
configure:19459: checking for pthread_join in -lpthread
configure:19484: msdk-linux-gcc -o conftest -fPIC -D_GNU_SOURCE   conftest.c -lpthread   >&5
configure:19484: $? = 0
configure:19493: result: yes
configure:19510: checking for librt
configure:19521: checking for clock_gettime in -lrt
configure:19546: msdk-linux-gcc -o conftest -fPIC -D_GNU_SOURCE   conftest.c -lrt   >&5
configure:19546: $? = 0
configure:19555: result: yes
configure:19577: checking for architecture
configure:19603: result: mips
configure:19621: checking wordexp.h usability
configure:19621: msdk-linux-gcc -c -fPIC -D_GNU_SOURCE  -D__mips__ conftest.c >&5
configure:19621: $? = 0
configure:19621: result: yes
configure:19621: checking wordexp.h presence
configure:19621: msdk-linux-gcc -E  -D__mips__ conftest.c
configure:19621: $? = 0
configure:19621: result: yes
configure:19621: checking for wordexp.h
configure:19621: result: yes
configure:19632: checking for resmgr support
configure:19641: result: no
configure:19696: checking for aload* support
configure:19705: result: yes
configure:19713: checking for ALSA device file directory
configure:19731: result: /dev/snd/
configure:19734: checking for aload* device file directory
configure:19752: result: /dev/
configure:20664: creating ./config.status

## ---------------------- ##
## Running config.status. ##
## ---------------------- ##

This file was extended by config.status, which was
generated by GNU Autoconf 2.68.  Invocation command line was

  CONFIG_FILES    = 
  CONFIG_HEADERS  = 
  CONFIG_LINKS    = 
  CONFIG_COMMANDS = 
  $ ./config.status 

on Docker_U12-04

config.status:1050: creating Makefile
config.status:1050: creating doc/Makefile
config.status:1050: creating doc/pictures/Makefile
config.status:1050: creating doc/doxygen.cfg
config.status:1050: creating include/Makefile
config.status:1050: creating include/sound/Makefile
config.status:1050: creating src/Versions
config.status:1050: creating src/Makefile
config.status:1050: creating src/control/Makefile
config.status:1050: creating src/mixer/Makefile
config.status:1050: creating src/pcm/Makefile
config.status:1050: creating src/pcm/scopes/Makefile
config.status:1050: creating src/rawmidi/Makefile
config.status:1050: creating src/timer/Makefile
config.status:1050: creating src/hwdep/Makefile
config.status:1050: creating src/seq/Makefile
config.status:1050: creating src/ucm/Makefile
config.status:1050: creating src/compat/Makefile
config.status:1050: creating src/alisp/Makefile
config.status:1050: creating src/conf/Makefile
config.status:1050: creating src/conf/alsa.conf.d/Makefile
config.status:1050: creating src/conf/cards/Makefile
config.status:1050: creating src/conf/pcm/Makefile
config.status:1050: creating modules/Makefile
config.status:1050: creating modules/mixer/Makefile
config.status:1050: creating modules/mixer/simple/Makefile
config.status:1050: creating alsalisp/Makefile
config.status:1050: creating aserver/Makefile
config.status:1050: creating test/Makefile
config.status:1050: creating test/lsb/Makefile
config.status:1050: creating utils/Makefile
config.status:1050: creating utils/alsa-lib.spec
config.status:1050: creating utils/alsa.pc
config.status:1050: creating include/config.h
config.status:1279: executing depfiles commands

## ---------------- ##
## Cache variables. ##
## ---------------- ##

ac_cv_build=i686-pc-linux-gnu
ac_cv_c_compiler_gnu=yes
ac_cv_c_const=yes
ac_cv_c_inline=inline
ac_cv_cxx_compiler_gnu=yes
ac_cv_env_CCC_set=
ac_cv_env_CCC_value=
ac_cv_env_CC_set=set
ac_cv_env_CC_value=msdk-linux-gcc
ac_cv_env_CFLAGS_set=set
ac_cv_env_CFLAGS_value=-fPIC
ac_cv_env_CPPFLAGS_set=
ac_cv_env_CPPFLAGS_value=
ac_cv_env_CPP_set=
ac_cv_env_CPP_value=
ac_cv_env_CXXCPP_set=
ac_cv_env_CXXCPP_value=
ac_cv_env_CXXFLAGS_set=
ac_cv_env_CXXFLAGS_value=
ac_cv_env_CXX_set=set
ac_cv_env_CXX_value=msdk-linux-g++
ac_cv_env_F77_set=
ac_cv_env_F77_value=
ac_cv_env_FFLAGS_set=
ac_cv_env_FFLAGS_value=
ac_cv_env_LDFLAGS_set=
ac_cv_env_LDFLAGS_value=
ac_cv_env_LIBS_set=
ac_cv_env_LIBS_value=
ac_cv_env_build_alias_set=set
ac_cv_env_build_alias_value=i686-pc-linux-gnu
ac_cv_env_host_alias_set=set
ac_cv_env_host_alias_value=mips-linux
ac_cv_env_target_alias_set=
ac_cv_env_target_alias_value=
ac_cv_f77_compiler_gnu=no
ac_cv_func_dlopen=no
ac_cv_func_hsearch_r=yes
ac_cv_func_shl_load=no
ac_cv_func_uselocale=no
ac_cv_header_dlfcn_h=yes
ac_cv_header_inttypes_h=yes
ac_cv_header_memory_h=yes
ac_cv_header_stdc=yes
ac_cv_header_stdint_h=yes
ac_cv_header_stdlib_h=yes
ac_cv_header_string_h=yes
ac_cv_header_strings_h=yes
ac_cv_header_sys_stat_h=yes
ac_cv_header_sys_types_h=yes
ac_cv_header_time=yes
ac_cv_header_unistd_h=yes
ac_cv_header_wordexp_h=yes
ac_cv_host=mips-unknown-linux-gnu
ac_cv_lib_dl_dlopen=yes
ac_cv_lib_dl_dlsym=yes
ac_cv_lib_dld_shl_load=no
ac_cv_lib_pthread_pthread_join=yes
ac_cv_lib_rt_clock_gettime=yes
ac_cv_objext=o
ac_cv_path_EGREP='/bin/grep -E'
ac_cv_path_GREP=/bin/grep
ac_cv_path_install='/usr/bin/install -c'
ac_cv_path_mkdir=/bin/mkdir
ac_cv_prog_AR=msdk-linux-ar
ac_cv_prog_AWK=gawk
ac_cv_prog_CC=msdk-linux-gcc
ac_cv_prog_CPP='msdk-linux-gcc -E'
ac_cv_prog_CXXCPP='msdk-linux-g++ -E'
ac_cv_prog_RANLIB=msdk-linux-ranlib
ac_cv_prog_STRIP=msdk-linux-strip
ac_cv_prog_cc_c89=
ac_cv_prog_cc_g=yes
ac_cv_prog_cxx_g=yes
ac_cv_prog_f77_g=no
ac_cv_prog_gcc_traditional=no
ac_cv_prog_make_make_set=yes
am_cv_CC_dependencies_compiler_type=gcc3
am_cv_CXX_dependencies_compiler_type=gcc3
lt_cv_deplibs_check_method=pass_all
lt_cv_dlopen=dlopen
lt_cv_dlopen_libs=-ldl
lt_cv_dlopen_self=cross
lt_cv_file_magic_cmd='$MAGIC_CMD'
lt_cv_file_magic_test_file=
lt_cv_ld_reload_flag=-r
lt_cv_objdir=.libs
lt_cv_path_LD=msdk-linux-gcc
lt_cv_path_LDCXX=msdk-linux-gcc
lt_cv_path_NM='/workspace/wsr30/20240206_1102/marble/rtl819x/toolchain/msdk-4.4.7-mips-EB-3.10-0.9.33-m32t-131227b/bin/mips-linux-nm -B'
lt_cv_path_SED=/bin/sed
lt_cv_prog_compiler_c_o=yes
lt_cv_prog_compiler_c_o_CXX=yes
lt_cv_prog_compiler_rtti_exceptions=no
lt_cv_prog_gnu_ld=no
lt_cv_prog_gnu_ldcxx=no
lt_cv_sys_global_symbol_pipe='sed -n -e '\''s/^.*[ 	]\([ABCDGIRSTW][ABCDGIRSTW]*\)[ 	][ 	]*\([_A-Za-z][_A-Za-z0-9]*\)$/\1 \2 \2/p'\'''
lt_cv_sys_global_symbol_to_c_name_address='sed -n -e '\''s/^: \([^ ]*\) $/  {\"\1\", (lt_ptr) 0},/p'\'' -e '\''s/^[BCDEGRST] \([^ ]*\) \([^ ]*\)$/  {"\2", (lt_ptr) \&\2},/p'\'''
lt_cv_sys_global_symbol_to_cdecl='sed -n -e '\''s/^. .* \(.*\)$/extern int \1;/p'\'''
lt_cv_sys_max_cmd_len=32768
lt_lt_cv_prog_compiler_c_o='"yes"'
lt_lt_cv_prog_compiler_c_o_CXX='"yes"'
lt_lt_cv_sys_global_symbol_pipe='"sed -n -e '\''s/^.*[ 	]\\([ABCDGIRSTW][ABCDGIRSTW]*\\)[ 	][ 	]*\\([_A-Za-z][_A-Za-z0-9]*\\)\$/\\1 \\2 \\2/p'\''"'
lt_lt_cv_sys_global_symbol_to_c_name_address='"sed -n -e '\''s/^: \\([^ ]*\\) \$/  {\\\"\\1\\\", (lt_ptr) 0},/p'\'' -e '\''s/^[BCDEGRST] \\([^ ]*\\) \\([^ ]*\\)\$/  {\"\\2\", (lt_ptr) \\&\\2},/p'\''"'
lt_lt_cv_sys_global_symbol_to_cdecl='"sed -n -e '\''s/^. .* \\(.*\\)\$/extern int \\1;/p'\''"'

## ----------------- ##
## Output variables. ##
## ----------------- ##

ACLOCAL='${SHELL} /workspace/wsr30/20240206_1102/marble/rtl819x/users/alsa-lib-1.0.25/missing --run aclocal-1.11'
ALSA_CONFIG_DIR='/workspace/wsr30/20240206_1102/marble/rtl819x/users/lib/share/alsa'
ALSA_DEPLIBS='-lm -ldl -lpthread -lrt'
ALSA_HSEARCH_R_FALSE=''
ALSA_HSEARCH_R_TRUE='#'
ALSA_PKGCONF_DIR='/workspace/wsr30/20240206_1102/marble/rtl819x/users/lib/lib/pkgconfig'
ALSA_PLUGIN_DIR='/workspace/wsr30/20240206_1102/marble/rtl819x/users/lib/lib/alsa-lib'
AMDEPBACKSLASH='\'
AMDEP_FALSE='#'
AMDEP_TRUE=''
AMTAR='${SHELL} /workspace/wsr30/20240206_1102/marble/rtl819x/users/alsa-lib-1.0.25/missing --run tar'
AM_BACKSLASH='\'
AM_DEFAULT_VERBOSITY='0'
AR='msdk-linux-ar'
AUTOCONF='${SHELL} /workspace/wsr30/20240206_1102/marble/rtl819x/users/alsa-lib-1.0.25/missing --run autoconf'
AUTOHEADER='${SHELL} /workspace/wsr30/20240206_1102/marble/rtl819x/users/alsa-lib-1.0.25/missing --run autoheader'
AUTOMAKE='${SHELL} /workspace/wsr30/20240206_1102/marble/rtl819x/users/alsa-lib-1.0.25/missing --run automake-1.11'
AWK='gawk'
BUILD_ALISP_FALSE='#'
BUILD_ALISP_TRUE=''
BUILD_CTL_PLUGIN_EXT_FALSE='#'
BUILD_CTL_PLUGIN_EXT_TRUE=''
BUILD_CTL_PLUGIN_FALSE='#'
BUILD_CTL_PLUGIN_SHM_FALSE='#'
BUILD_CTL_PLUGIN_SHM_TRUE=''
BUILD_CTL_PLUGIN_TRUE=''
BUILD_HWDEP_FALSE='#'
BUILD_HWDEP_TRUE=''
BUILD_MIXER_FALSE='#'
BUILD_MIXER_TRUE=''
BUILD_MODULES_FALSE='#'
BUILD_MODULES_TRUE=''
BUILD_PCM_FALSE='#'
BUILD_PCM_PLUGIN_ADPCM_FALSE='#'
BUILD_PCM_PLUGIN_ADPCM_TRUE=''
BUILD_PCM_PLUGIN_ALAW_FALSE='#'
BUILD_PCM_PLUGIN_ALAW_TRUE=''
BUILD_PCM_PLUGIN_ASYM_FALSE='#'
BUILD_PCM_PLUGIN_ASYM_TRUE=''
BUILD_PCM_PLUGIN_COPY_FALSE='#'
BUILD_PCM_PLUGIN_COPY_TRUE=''
BUILD_PCM_PLUGIN_DMIX_FALSE='#'
BUILD_PCM_PLUGIN_DMIX_TRUE=''
BUILD_PCM_PLUGIN_DSHARE_FALSE='#'
BUILD_PCM_PLUGIN_DSHARE_TRUE=''
BUILD_PCM_PLUGIN_DSNOOP_FALSE='#'
BUILD_PCM_PLUGIN_DSNOOP_TRUE=''
BUILD_PCM_PLUGIN_EMPTY_FALSE='#'
BUILD_PCM_PLUGIN_EMPTY_TRUE=''
BUILD_PCM_PLUGIN_EXTPLUG_FALSE='#'
BUILD_PCM_PLUGIN_EXTPLUG_TRUE=''
BUILD_PCM_PLUGIN_FALSE='#'
BUILD_PCM_PLUGIN_FILE_FALSE='#'
BUILD_PCM_PLUGIN_FILE_TRUE=''
BUILD_PCM_PLUGIN_HOOKS_FALSE='#'
BUILD_PCM_PLUGIN_HOOKS_TRUE=''
BUILD_PCM_PLUGIN_IEC958_FALSE='#'
BUILD_PCM_PLUGIN_IEC958_TRUE=''
BUILD_PCM_PLUGIN_IOPLUG_FALSE='#'
BUILD_PCM_PLUGIN_IOPLUG_TRUE=''
BUILD_PCM_PLUGIN_LADSPA_FALSE='#'
BUILD_PCM_PLUGIN_LADSPA_TRUE=''
BUILD_PCM_PLUGIN_LFLOAT_FALSE='#'
BUILD_PCM_PLUGIN_LFLOAT_TRUE=''
BUILD_PCM_PLUGIN_LINEAR_FALSE='#'
BUILD_PCM_PLUGIN_LINEAR_TRUE=''
BUILD_PCM_PLUGIN_METER_FALSE='#'
BUILD_PCM_PLUGIN_METER_TRUE=''
BUILD_PCM_PLUGIN_MMAP_EMUL_FALSE='#'
BUILD_PCM_PLUGIN_MMAP_EMUL_TRUE=''
BUILD_PCM_PLUGIN_MULAW_FALSE='#'
BUILD_PCM_PLUGIN_MULAW_TRUE=''
BUILD_PCM_PLUGIN_MULTI_FALSE='#'
BUILD_PCM_PLUGIN_MULTI_TRUE=''
BUILD_PCM_PLUGIN_NULL_FALSE='#'
BUILD_PCM_PLUGIN_NULL_TRUE=''
BUILD_PCM_PLUGIN_PLUG_FALSE='#'
BUILD_PCM_PLUGIN_PLUG_TRUE=''
BUILD_PCM_PLUGIN_RATE_FALSE='#'
BUILD_PCM_PLUGIN_RATE_TRUE=''
BUILD_PCM_PLUGIN_ROUTE_FALSE='#'
BUILD_PCM_PLUGIN_ROUTE_TRUE=''
BUILD_PCM_PLUGIN_SHARE_FALSE='#'
BUILD_PCM_PLUGIN_SHARE_TRUE=''
BUILD_PCM_PLUGIN_SHM_FALSE='#'
BUILD_PCM_PLUGIN_SHM_TRUE=''
BUILD_PCM_PLUGIN_SOFTVOL_FALSE='#'
BUILD_PCM_PLUGIN_SOFTVOL_TRUE=''
BUILD_PCM_PLUGIN_TRUE=''
BUILD_PCM_TRUE=''
BUILD_PYTHON_FALSE=''
BUILD_PYTHON_TRUE='#'
BUILD_RAWMIDI_FALSE='#'
BUILD_RAWMIDI_TRUE=''
BUILD_SEQ_FALSE='#'
BUILD_SEQ_TRUE=''
BUILD_UCM_FALSE='#'
BUILD_UCM_TRUE=''
CC='msdk-linux-gcc'
CCDEPMODE='depmode=gcc3'
CFLAGS='-fPIC -D_GNU_SOURCE'
CPP='msdk-linux-gcc -E'
CPPFLAGS=' -D__mips__'
CXX='msdk-linux-g++'
CXXCPP='msdk-linux-g++ -E'
CXXDEPMODE='depmode=gcc3'
CXXFLAGS='-g -O2'
CYGPATH_W='echo'
DEFS='-DHAVE_CONFIG_H'
DEPDIR='.deps'
ECHO='echo'
ECHO_C=''
ECHO_N='-n'
ECHO_T=''
EGREP='/bin/grep -E'
EXEEXT=''
F77=''
FFLAGS=''
GREP='/bin/grep'
INSTALL_DATA='${INSTALL} -m 644'
INSTALL_M4_FALSE='#'
INSTALL_M4_TRUE=''
INSTALL_PROGRAM='${INSTALL}'
INSTALL_SCRIPT='${INSTALL}'
INSTALL_STRIP_PROGRAM='$(install_sh) -c -s'
KEEP_OLD_SYMBOLS_FALSE='#'
KEEP_OLD_SYMBOLS_TRUE=''
LDFLAGS=''
LIBOBJS=''
LIBS=''
LIBTOOL='$(SHELL) $(top_builddir)/libtool'
LIBTOOL_VERSION_INFO='2:0:0'
LN_S='ln -s'
LTLIBOBJS=''
MAKEINFO='${SHELL} /workspace/wsr30/20240206_1102/marble/rtl819x/users/alsa-lib-1.0.25/missing --run makeinfo'
MKDIR_P='/bin/mkdir -p'
OBJEXT='o'
PACKAGE='alsa-lib'
PACKAGE_BUGREPORT=''
PACKAGE_NAME=''
PACKAGE_STRING=''
PACKAGE_TARNAME=''
PACKAGE_URL=''
PACKAGE_VERSION=''
PATH_SEPARATOR=':'
PYTHON_INCLUDES=''
PYTHON_LIBS=''
RANLIB='msdk-linux-ranlib'
SET_MAKE=''
SHELL='/bin/sh'
SND_LIB_EXTRAVER='1000000'
SND_LIB_MAJOR='1'
SND_LIB_MINOR='0'
SND_LIB_SUBMINOR='25'
SND_LIB_VERSION='1.0.25'
STRIP='msdk-linux-strip'
SYMBOLIC_FUNCTIONS_FALSE=''
SYMBOLIC_FUNCTIONS_TRUE='#'
SYMBOL_PREFIX=''
VERSION='1.0.25'
VERSIONED_SYMBOLS_FALSE='#'
VERSIONED_SYMBOLS_TRUE=''
ac_ct_CC=''
ac_ct_CXX=''
ac_ct_F77=''
am__EXEEXT_FALSE=''
am__EXEEXT_TRUE='#'
am__fastdepCC_FALSE='#'
am__fastdepCC_TRUE=''
am__fastdepCXX_FALSE='#'
am__fastdepCXX_TRUE=''
am__include='include'
am__isrc=''
am__leading_dot='.'
am__quote=''
am__tar='${AMTAR} chof - "$$tardir"'
am__untar='${AMTAR} xf -'
bindir='${exec_prefix}/bin'
build='i686-pc-linux-gnu'
build_alias='i686-pc-linux-gnu'
build_cpu='i686'
build_os='linux-gnu'
build_vendor='pc'
datadir='${datarootdir}'
datarootdir='${prefix}/share'
docdir='${datarootdir}/doc/${PACKAGE}'
dvidir='${docdir}'
exec_prefix='/workspace/wsr30/20240206_1102/marble/rtl819x/users/lib'
host='mips-unknown-linux-gnu'
host_alias='mips-linux'
host_cpu='mips'
host_os='linux-gnu'
host_vendor='unknown'
htmldir='${docdir}'
includedir='${prefix}/include'
infodir='${datarootdir}/info'
install_sh='${SHELL} /workspace/wsr30/20240206_1102/marble/rtl819x/users/alsa-lib-1.0.25/install-sh'
libdir='${exec_prefix}/lib'
libexecdir='${exec_prefix}/libexec'
localedir='${datarootdir}/locale'
localstatedir='${prefix}/var'
mandir='${datarootdir}/man'
mkdir_p='/bin/mkdir -p'
oldincludedir='/usr/include'
pdfdir='${docdir}'
prefix='/workspace/wsr30/20240206_1102/marble/rtl819x/users/lib'
program_transform_name='s,x,x,'
psdir='${docdir}'
sbindir='${exec_prefix}/sbin'
sharedstatedir='${prefix}/com'
sysconfdir='${prefix}/etc'
target_alias=''

## ----------- ##
## confdefs.h. ##
## ----------- ##

/* confdefs.h */
#define PACKAGE_NAME ""
#define PACKAGE_TARNAME ""
#define PACKAGE_VERSION ""
#define PACKAGE_STRING ""
#define PACKAGE_BUGREPORT ""
#define PACKAGE_URL ""
#define PACKAGE "alsa-lib"
#define VERSION "1.0.25"
#define STDC_HEADERS 1
#define HAVE_SYS_TYPES_H 1
#define HAVE_SYS_STAT_H 1
#define HAVE_STDLIB_H 1
#define HAVE_STRING_H 1
#define HAVE_MEMORY_H 1
#define HAVE_STRINGS_H 1
#define HAVE_INTTYPES_H 1
#define HAVE_STDINT_H 1
#define HAVE_UNISTD_H 1
#define HAVE_DLFCN_H 1
#define STDC_HEADERS 1
#define TIME_WITH_SYS_TIME 1
#define VERSION "1.0.25"
#define ALSA_CONFIG_DIR "/workspace/wsr30/20240206_1102/marble/rtl819x/users/lib/share/alsa"
#define ALSA_PLUGIN_DIR "/workspace/wsr30/20240206_1102/marble/rtl819x/users/lib/lib/alsa-lib"
#define ALSA_PKGCONF_DIR "/workspace/wsr30/20240206_1102/marble/rtl819x/users/lib/lib/pkgconfig"
#define VERSIONED_SYMBOLS /**/
#define __SYMBOL_PREFIX ""
#define TMPDIR "/tmp"
#define HAVE_LIBDL 1
#define HAVE_LIBPTHREAD 1
#define HAVE_LIBRT 1
#define HAVE_CLOCK_GETTIME 1
#define HAVE_WORDEXP_H 1
#define SUPPORT_ALOAD "1"
#define ALSA_DEVICE_DIRECTORY "/dev/snd/"
#define ALOAD_DEVICE_DIRECTORY "/dev/"
#define BUILD_MIXER "1"
#define BUILD_PCM "1"
#define BUILD_RAWMIDI "1"
#define BUILD_HWDEP "1"
#define BUILD_SEQ "1"
#define BUILD_UCM "1"
#define BUILD_PCM_PLUGIN_RATE "1"
#define BUILD_PCM_PLUGIN_ROUTE "1"
#define BUILD_PCM_PLUGIN_LFLOAT "1"
#define BUILD_PCM_PLUGIN_ADPCM "1"
#define BUILD_PCM_PLUGIN_MULAW "1"
#define BUILD_PCM_PLUGIN_ALAW "1"
#define BUILD_PCM_PLUGIN_MMAP_EMUL "1"

configure: exit 0

## ---------------------- ##
## Running config.status. ##
## ---------------------- ##

This file was extended by config.status, which was
generated by GNU Autoconf 2.68.  Invocation command line was

  CONFIG_FILES    = 
  CONFIG_HEADERS  = 
  CONFIG_LINKS    = 
  CONFIG_COMMANDS = 
  $ ./config.status include/config.h

on Docker_U12-04

config.status:1050: creating include/config.h
config.status:1231: include/config.h is unchanged

## ---------------------- ##
## Running config.status. ##
## ---------------------- ##

This file was extended by config.status, which was
generated by GNU Autoconf 2.68.  Invocation command line was

  CONFIG_FILES    = 
  CONFIG_HEADERS  = 
  CONFIG_LINKS    = 
  CONFIG_COMMANDS = 
  $ ./config.status utils/alsa.pc

on Docker_U12-04

config.status:1050: creating utils/alsa.pc
